<?xml version="1.0" encoding="utf-8"?><testsuite errors="10" failures="0" name="pytest" skips="0" tests="10" time="10.058"><testcase classname="tests.app.test_queue.TestRedisQueue" file="tests/app/test_queue.py" line="76" name="test_put_mesages" time="0.08179688453674316"><error message="test setup failure">self = &lt;docker.transport.unixconn.UnixHTTPConnectionPool object at 0x11c630a30&gt;, method = &apos;GET&apos;, url = &apos;/version&apos;, body = None
headers = {&apos;User-Agent&apos;: &apos;docker-sdk-python/5.0.0&apos;, &apos;Accept-Encoding&apos;: &apos;gzip, deflate&apos;, &apos;Accept&apos;: &apos;*/*&apos;, &apos;Connection&apos;: &apos;keep-alive&apos;}, retries = Retry(total=0, connect=None, read=False, redirect=None, status=None), redirect = False
assert_same_host = False, timeout = Timeout(connect=60, read=60, total=None), pool_timeout = None, release_conn = False, chunked = False, body_pos = None, response_kw = {&apos;decode_content&apos;: False, &apos;preload_content&apos;: False}
parsed_url = Url(scheme=None, auth=None, host=None, port=None, path=&apos;/version&apos;, query=None, fragment=None), destination_scheme = None, conn = None, release_this_conn = True, http_tunnel_required = False, err = None, clean_exit = False

    def urlopen(
        self,
        method,
        url,
        body=None,
        headers=None,
        retries=None,
        redirect=True,
        assert_same_host=True,
        timeout=_Default,
        pool_timeout=None,
        release_conn=None,
        chunked=False,
        body_pos=None,
        **response_kw
    ):
        &quot;&quot;&quot;
        Get a connection from the pool and perform an HTTP request. This is the
        lowest level call for making a request, so you&apos;ll need to specify all
        the raw details.
    
        .. note::
    
           More commonly, it&apos;s appropriate to use a convenience method provided
           by :class:`.RequestMethods`, such as :meth:`request`.
    
        .. note::
    
           `release_conn` will only behave as expected if
           `preload_content=False` because we want to make
           `preload_content=False` the default behaviour someday soon without
           breaking backwards compatibility.
    
        :param method:
            HTTP request method (such as GET, POST, PUT, etc.)
    
        :param url:
            The URL to perform the request on.
    
        :param body:
            Data to send in the request body, either :class:`str`, :class:`bytes`,
            an iterable of :class:`str`/:class:`bytes`, or a file-like object.
    
        :param headers:
            Dictionary of custom headers to send, such as User-Agent,
            If-None-Match, etc. If None, pool headers are used. If provided,
            these headers completely replace any pool-specific headers.
    
        :param retries:
            Configure the number of retries to allow before raising a
            :class:`~urllib3.exceptions.MaxRetryError` exception.
    
            Pass ``None`` to retry until you receive a response. Pass a
            :class:`~urllib3.util.retry.Retry` object for fine-grained control
            over different types of retries.
            Pass an integer number to retry connection errors that many times,
            but no other types of errors. Pass zero to never retry.
    
            If ``False``, then retries are disabled and any exception is raised
            immediately. Also, instead of raising a MaxRetryError on redirects,
            the redirect response will be returned.
    
        :type retries: :class:`~urllib3.util.retry.Retry`, False, or an int.
    
        :param redirect:
            If True, automatically handle redirects (status codes 301, 302,
            303, 307, 308). Each redirect counts as a retry. Disabling retries
            will disable redirect, too.
    
        :param assert_same_host:
            If ``True``, will make sure that the host of the pool requests is
            consistent else will raise HostChangedError. When ``False``, you can
            use the pool on an HTTP proxy and request foreign hosts.
    
        :param timeout:
            If specified, overrides the default timeout for this one
            request. It may be a float (in seconds) or an instance of
            :class:`urllib3.util.Timeout`.
    
        :param pool_timeout:
            If set and the pool is set to block=True, then this method will
            block for ``pool_timeout`` seconds and raise EmptyPoolError if no
            connection is available within the time period.
    
        :param release_conn:
            If False, then the urlopen call will not release the connection
            back into the pool once a response is received (but will release if
            you read the entire contents of the response such as when
            `preload_content=True`). This is useful if you&apos;re not preloading
            the response&apos;s content immediately. You will need to call
            ``r.release_conn()`` on the response ``r`` to return the connection
            back into the pool. If None, it takes the value of
            ``response_kw.get(&apos;preload_content&apos;, True)``.
    
        :param chunked:
            If True, urllib3 will send the body using chunked transfer
            encoding. Otherwise, urllib3 will send the body using the standard
            content-length form. Defaults to False.
    
        :param int body_pos:
            Position to seek to in file-like body in the event of a retry or
            redirect. Typically this won&apos;t need to be set because urllib3 will
            auto-populate the value when needed.
    
        :param \\**response_kw:
            Additional parameters are passed to
            :meth:`urllib3.response.HTTPResponse.from_httplib`
        &quot;&quot;&quot;
    
        parsed_url = parse_url(url)
        destination_scheme = parsed_url.scheme
    
        if headers is None:
            headers = self.headers
    
        if not isinstance(retries, Retry):
            retries = Retry.from_int(retries, redirect=redirect, default=self.retries)
    
        if release_conn is None:
            release_conn = response_kw.get(&quot;preload_content&quot;, True)
    
        # Check host
        if assert_same_host and not self.is_same_host(url):
            raise HostChangedError(self, url, retries)
    
        # Ensure that the URL we&apos;re connecting to is properly encoded
        if url.startswith(&quot;/&quot;):
            url = six.ensure_str(_encode_target(url))
        else:
            url = six.ensure_str(parsed_url.url)
    
        conn = None
    
        # Track whether `conn` needs to be released before
        # returning/raising/recursing. Update this variable if necessary, and
        # leave `release_conn` constant throughout the function. That way, if
        # the function recurses, the original value of `release_conn` will be
        # passed down into the recursive call, and its value will be respected.
        #
        # See issue #651 [1] for details.
        #
        # [1] &lt;https://github.com/urllib3/urllib3/issues/651&gt;
        release_this_conn = release_conn
    
        http_tunnel_required = connection_requires_http_tunnel(
            self.proxy, self.proxy_config, destination_scheme
        )
    
        # Merge the proxy headers. Only done when not using HTTP CONNECT. We
        # have to copy the headers dict so we can safely change it without those
        # changes being reflected in anyone else&apos;s copy.
        if not http_tunnel_required:
            headers = headers.copy()
            headers.update(self.proxy_headers)
    
        # Must keep the exception bound to a separate variable or else Python 3
        # complains about UnboundLocalError.
        err = None
    
        # Keep track of whether we cleanly exited the except block. This
        # ensures we do proper cleanup in finally.
        clean_exit = False
    
        # Rewind body position, if needed. Record current position
        # for future rewinds in the event of a redirect/retry.
        body_pos = set_file_position(body, body_pos)
    
        try:
            # Request a connection from the queue.
            timeout_obj = self._get_timeout(timeout)
            conn = self._get_conn(timeout=pool_timeout)
    
            conn.timeout = timeout_obj.connect_timeout
    
            is_new_proxy_conn = self.proxy is not None and not getattr(
                conn, &quot;sock&quot;, None
            )
            if is_new_proxy_conn and http_tunnel_required:
                self._prepare_proxy(conn)
    
            # Make the request on the httplib connection object.
&gt;           httplib_response = self._make_request(
                conn,
                method,
                url,
                timeout=timeout_obj,
                body=body,
                headers=headers,
                chunked=chunked,
            )

../../.virtualenvs/notifications-api/lib/python3.9/site-packages/urllib3/connectionpool.py:703: 
_ _ _ _ _ _ _ _ _ _ _ _ _ _ _ _ _ _ _ _ _ _ _ _ _ _ _ _ _ _ _ _ _ _ _ _ _ _ _ _ _ _ _ _ _ _ _ _ _ _ _ _ _ _ _ _ _ _ _ _ _ _ _ _ _ _ _ _ _ _ _ _ _ _ _ _ _ _ _ _ _ _ _ _ _ _ _ _ _ _ _ _ _ _ _ _ _ _ _ _ _ _ _ _ _ _ _ _ _ _ _ _ _ _ _ _ _ _ _ _ _ _ _ 

self = &lt;docker.transport.unixconn.UnixHTTPConnectionPool object at 0x11c630a30&gt;, conn = &lt;docker.transport.unixconn.UnixHTTPConnection object at 0x11c5a28e0&gt;, method = &apos;GET&apos;, url = &apos;/version&apos;, timeout = Timeout(connect=60, read=60, total=None)
chunked = False, httplib_request_kw = {&apos;body&apos;: None, &apos;headers&apos;: {&apos;User-Agent&apos;: &apos;docker-sdk-python/5.0.0&apos;, &apos;Accept-Encoding&apos;: &apos;gzip, deflate&apos;, &apos;Accept&apos;: &apos;*/*&apos;, &apos;Connection&apos;: &apos;keep-alive&apos;}}, timeout_obj = Timeout(connect=60, read=60, total=None)

    def _make_request(
        self, conn, method, url, timeout=_Default, chunked=False, **httplib_request_kw
    ):
        &quot;&quot;&quot;
        Perform a request on a given urllib connection object taken from our
        pool.
    
        :param conn:
            a connection from one of our connection pools
    
        :param timeout:
            Socket timeout in seconds for the request. This can be a
            float or integer, which will set the same timeout value for
            the socket connect and the socket read, or an instance of
            :class:`urllib3.util.Timeout`, which gives you more fine-grained
            control over your timeouts.
        &quot;&quot;&quot;
        self.num_requests += 1
    
        timeout_obj = self._get_timeout(timeout)
        timeout_obj.start_connect()
        conn.timeout = timeout_obj.connect_timeout
    
        # Trigger any extra validation we need to do.
        try:
            self._validate_conn(conn)
        except (SocketTimeout, BaseSSLError) as e:
            # Py2 raises this as a BaseSSLError, Py3 raises it as socket timeout.
            self._raise_timeout(err=e, url=url, timeout_value=conn.timeout)
            raise
    
        # conn.request() calls http.client.*.request, not the method in
        # urllib3.request. It also calls makefile (recv) on the socket.
        try:
            if chunked:
                conn.request_chunked(method, url, **httplib_request_kw)
            else:
&gt;               conn.request(method, url, **httplib_request_kw)

../../.virtualenvs/notifications-api/lib/python3.9/site-packages/urllib3/connectionpool.py:398: 
_ _ _ _ _ _ _ _ _ _ _ _ _ _ _ _ _ _ _ _ _ _ _ _ _ _ _ _ _ _ _ _ _ _ _ _ _ _ _ _ _ _ _ _ _ _ _ _ _ _ _ _ _ _ _ _ _ _ _ _ _ _ _ _ _ _ _ _ _ _ _ _ _ _ _ _ _ _ _ _ _ _ _ _ _ _ _ _ _ _ _ _ _ _ _ _ _ _ _ _ _ _ _ _ _ _ _ _ _ _ _ _ _ _ _ _ _ _ _ _ _ _ _ 

self = &lt;docker.transport.unixconn.UnixHTTPConnection object at 0x11c5a28e0&gt;, method = &apos;GET&apos;, url = &apos;/version&apos;, body = None
headers = {&apos;User-Agent&apos;: &apos;docker-sdk-python/5.0.0&apos;, &apos;Accept-Encoding&apos;: &apos;gzip, deflate&apos;, &apos;Accept&apos;: &apos;*/*&apos;, &apos;Connection&apos;: &apos;keep-alive&apos;}

    def request(self, method, url, body=None, headers={}, *,
                encode_chunked=False):
        &quot;&quot;&quot;Send a complete request to the server.&quot;&quot;&quot;
&gt;       self._send_request(method, url, body, headers, encode_chunked)

../../.pyenv/versions/3.9.1/lib/python3.9/http/client.py:1255: 
_ _ _ _ _ _ _ _ _ _ _ _ _ _ _ _ _ _ _ _ _ _ _ _ _ _ _ _ _ _ _ _ _ _ _ _ _ _ _ _ _ _ _ _ _ _ _ _ _ _ _ _ _ _ _ _ _ _ _ _ _ _ _ _ _ _ _ _ _ _ _ _ _ _ _ _ _ _ _ _ _ _ _ _ _ _ _ _ _ _ _ _ _ _ _ _ _ _ _ _ _ _ _ _ _ _ _ _ _ _ _ _ _ _ _ _ _ _ _ _ _ _ _ 

self = &lt;docker.transport.unixconn.UnixHTTPConnection object at 0x11c5a28e0&gt;, method = &apos;GET&apos;, url = &apos;/version&apos;, body = None
headers = {&apos;User-Agent&apos;: &apos;docker-sdk-python/5.0.0&apos;, &apos;Accept-Encoding&apos;: &apos;gzip, deflate&apos;, &apos;Accept&apos;: &apos;*/*&apos;, &apos;Connection&apos;: &apos;keep-alive&apos;}, encode_chunked = False

    def _send_request(self, method, url, body, headers, encode_chunked):
        # Honor explicitly requested Host: and Accept-Encoding: headers.
        header_names = frozenset(k.lower() for k in headers)
        skips = {}
        if &apos;host&apos; in header_names:
            skips[&apos;skip_host&apos;] = 1
        if &apos;accept-encoding&apos; in header_names:
            skips[&apos;skip_accept_encoding&apos;] = 1
    
        self.putrequest(method, url, **skips)
    
        # chunked encoding will happen if HTTP/1.1 is used and either
        # the caller passes encode_chunked=True or the following
        # conditions hold:
        # 1. content-length has not been explicitly set
        # 2. the body is a file or iterable, but not a str or bytes-like
        # 3. Transfer-Encoding has NOT been explicitly set by the caller
    
        if &apos;content-length&apos; not in header_names:
            # only chunk body if not explicitly set for backwards
            # compatibility, assuming the client code is already handling the
            # chunking
            if &apos;transfer-encoding&apos; not in header_names:
                # if content-length cannot be automatically determined, fall
                # back to chunked encoding
                encode_chunked = False
                content_length = self._get_content_length(body, method)
                if content_length is None:
                    if body is not None:
                        if self.debuglevel &gt; 0:
                            print(&apos;Unable to determine size of %r&apos; % body)
                        encode_chunked = True
                        self.putheader(&apos;Transfer-Encoding&apos;, &apos;chunked&apos;)
                else:
                    self.putheader(&apos;Content-Length&apos;, str(content_length))
        else:
            encode_chunked = False
    
        for hdr, value in headers.items():
            self.putheader(hdr, value)
        if isinstance(body, str):
            # RFC 2616 Section 3.7.1 says that text default has a
            # default charset of iso-8859-1.
            body = _encode(body, &apos;body&apos;)
&gt;       self.endheaders(body, encode_chunked=encode_chunked)

../../.pyenv/versions/3.9.1/lib/python3.9/http/client.py:1301: 
_ _ _ _ _ _ _ _ _ _ _ _ _ _ _ _ _ _ _ _ _ _ _ _ _ _ _ _ _ _ _ _ _ _ _ _ _ _ _ _ _ _ _ _ _ _ _ _ _ _ _ _ _ _ _ _ _ _ _ _ _ _ _ _ _ _ _ _ _ _ _ _ _ _ _ _ _ _ _ _ _ _ _ _ _ _ _ _ _ _ _ _ _ _ _ _ _ _ _ _ _ _ _ _ _ _ _ _ _ _ _ _ _ _ _ _ _ _ _ _ _ _ _ 

self = &lt;docker.transport.unixconn.UnixHTTPConnection object at 0x11c5a28e0&gt;, message_body = None

    def endheaders(self, message_body=None, *, encode_chunked=False):
        &quot;&quot;&quot;Indicate that the last header line has been sent to the server.
    
        This method sends the request to the server.  The optional message_body
        argument can be used to pass a message body associated with the
        request.
        &quot;&quot;&quot;
        if self.__state == _CS_REQ_STARTED:
            self.__state = _CS_REQ_SENT
        else:
            raise CannotSendHeader()
&gt;       self._send_output(message_body, encode_chunked=encode_chunked)

../../.pyenv/versions/3.9.1/lib/python3.9/http/client.py:1250: 
_ _ _ _ _ _ _ _ _ _ _ _ _ _ _ _ _ _ _ _ _ _ _ _ _ _ _ _ _ _ _ _ _ _ _ _ _ _ _ _ _ _ _ _ _ _ _ _ _ _ _ _ _ _ _ _ _ _ _ _ _ _ _ _ _ _ _ _ _ _ _ _ _ _ _ _ _ _ _ _ _ _ _ _ _ _ _ _ _ _ _ _ _ _ _ _ _ _ _ _ _ _ _ _ _ _ _ _ _ _ _ _ _ _ _ _ _ _ _ _ _ _ _ 

self = &lt;docker.transport.unixconn.UnixHTTPConnection object at 0x11c5a28e0&gt;, message_body = None, encode_chunked = False

    def _send_output(self, message_body=None, encode_chunked=False):
        &quot;&quot;&quot;Send the currently buffered request and clear the buffer.
    
        Appends an extra \\r\\n to the buffer.
        A message_body may be specified, to be appended to the request.
        &quot;&quot;&quot;
        self._buffer.extend((b&quot;&quot;, b&quot;&quot;))
        msg = b&quot;\r\n&quot;.join(self._buffer)
        del self._buffer[:]
&gt;       self.send(msg)

../../.pyenv/versions/3.9.1/lib/python3.9/http/client.py:1010: 
_ _ _ _ _ _ _ _ _ _ _ _ _ _ _ _ _ _ _ _ _ _ _ _ _ _ _ _ _ _ _ _ _ _ _ _ _ _ _ _ _ _ _ _ _ _ _ _ _ _ _ _ _ _ _ _ _ _ _ _ _ _ _ _ _ _ _ _ _ _ _ _ _ _ _ _ _ _ _ _ _ _ _ _ _ _ _ _ _ _ _ _ _ _ _ _ _ _ _ _ _ _ _ _ _ _ _ _ _ _ _ _ _ _ _ _ _ _ _ _ _ _ _ 

self = &lt;docker.transport.unixconn.UnixHTTPConnection object at 0x11c5a28e0&gt;
data = b&apos;GET /version HTTP/1.1\r\nHost: localhost\r\nUser-Agent: docker-sdk-python/5.0.0\r\nAccept-Encoding: gzip, deflate\r\nAccept: */*\r\nConnection: keep-alive\r\n\r\n&apos;

    def send(self, data):
        &quot;&quot;&quot;Send `data&apos; to the server.
        ``data`` can be a string object, a bytes object, an array object, a
        file-like object that supports a .read() method, or an iterable object.
        &quot;&quot;&quot;
    
        if self.sock is None:
            if self.auto_open:
&gt;               self.connect()

../../.pyenv/versions/3.9.1/lib/python3.9/http/client.py:950: 
_ _ _ _ _ _ _ _ _ _ _ _ _ _ _ _ _ _ _ _ _ _ _ _ _ _ _ _ _ _ _ _ _ _ _ _ _ _ _ _ _ _ _ _ _ _ _ _ _ _ _ _ _ _ _ _ _ _ _ _ _ _ _ _ _ _ _ _ _ _ _ _ _ _ _ _ _ _ _ _ _ _ _ _ _ _ _ _ _ _ _ _ _ _ _ _ _ _ _ _ _ _ _ _ _ _ _ _ _ _ _ _ _ _ _ _ _ _ _ _ _ _ _ 

self = &lt;docker.transport.unixconn.UnixHTTPConnection object at 0x11c5a28e0&gt;

    def connect(self):
        sock = socket.socket(socket.AF_UNIX, socket.SOCK_STREAM)
        sock.settimeout(self.timeout)
&gt;       sock.connect(self.unix_socket)
E       FileNotFoundError: [Errno 2] No such file or directory

../../.virtualenvs/notifications-api/lib/python3.9/site-packages/docker/transport/unixconn.py:43: FileNotFoundError

During handling of the above exception, another exception occurred:

self = &lt;docker.transport.unixconn.UnixHTTPAdapter object at 0x11c630970&gt;, request = &lt;PreparedRequest [GET]&gt;, stream = False, timeout = Timeout(connect=60, read=60, total=None), verify = True, cert = None, proxies = OrderedDict()

    def send(self, request, stream=False, timeout=None, verify=True, cert=None, proxies=None):
        &quot;&quot;&quot;Sends PreparedRequest object. Returns Response object.
    
        :param request: The :class:`PreparedRequest &lt;PreparedRequest&gt;` being sent.
        :param stream: (optional) Whether to stream the request content.
        :param timeout: (optional) How long to wait for the server to send
            data before giving up, as a float, or a :ref:`(connect timeout,
            read timeout) &lt;timeouts&gt;` tuple.
        :type timeout: float or tuple or urllib3 Timeout object
        :param verify: (optional) Either a boolean, in which case it controls whether
            we verify the server&apos;s TLS certificate, or a string, in which case it
            must be a path to a CA bundle to use
        :param cert: (optional) Any user-provided SSL certificate to be trusted.
        :param proxies: (optional) The proxies dictionary to apply to the request.
        :rtype: requests.Response
        &quot;&quot;&quot;
    
        try:
            conn = self.get_connection(request.url, proxies)
        except LocationValueError as e:
            raise InvalidURL(e, request=request)
    
        self.cert_verify(conn, request.url, verify, cert)
        url = self.request_url(request, proxies)
        self.add_headers(request, stream=stream, timeout=timeout, verify=verify, cert=cert, proxies=proxies)
    
        chunked = not (request.body is None or &apos;Content-Length&apos; in request.headers)
    
        if isinstance(timeout, tuple):
            try:
                connect, read = timeout
                timeout = TimeoutSauce(connect=connect, read=read)
            except ValueError as e:
                # this may raise a string formatting error.
                err = (&quot;Invalid timeout {}. Pass a (connect, read) &quot;
                       &quot;timeout tuple, or a single float to set &quot;
                       &quot;both timeouts to the same value&quot;.format(timeout))
                raise ValueError(err)
        elif isinstance(timeout, TimeoutSauce):
            pass
        else:
            timeout = TimeoutSauce(connect=timeout, read=timeout)
    
        try:
            if not chunked:
&gt;               resp = conn.urlopen(
                    method=request.method,
                    url=url,
                    body=request.body,
                    headers=request.headers,
                    redirect=False,
                    assert_same_host=False,
                    preload_content=False,
                    decode_content=False,
                    retries=self.max_retries,
                    timeout=timeout
                )

../../.virtualenvs/notifications-api/lib/python3.9/site-packages/requests/adapters.py:439: 
_ _ _ _ _ _ _ _ _ _ _ _ _ _ _ _ _ _ _ _ _ _ _ _ _ _ _ _ _ _ _ _ _ _ _ _ _ _ _ _ _ _ _ _ _ _ _ _ _ _ _ _ _ _ _ _ _ _ _ _ _ _ _ _ _ _ _ _ _ _ _ _ _ _ _ _ _ _ _ _ _ _ _ _ _ _ _ _ _ _ _ _ _ _ _ _ _ _ _ _ _ _ _ _ _ _ _ _ _ _ _ _ _ _ _ _ _ _ _ _ _ _ _ 

self = &lt;docker.transport.unixconn.UnixHTTPConnectionPool object at 0x11c630a30&gt;, method = &apos;GET&apos;, url = &apos;/version&apos;, body = None
headers = {&apos;User-Agent&apos;: &apos;docker-sdk-python/5.0.0&apos;, &apos;Accept-Encoding&apos;: &apos;gzip, deflate&apos;, &apos;Accept&apos;: &apos;*/*&apos;, &apos;Connection&apos;: &apos;keep-alive&apos;}, retries = Retry(total=0, connect=None, read=False, redirect=None, status=None), redirect = False
assert_same_host = False, timeout = Timeout(connect=60, read=60, total=None), pool_timeout = None, release_conn = False, chunked = False, body_pos = None, response_kw = {&apos;decode_content&apos;: False, &apos;preload_content&apos;: False}
parsed_url = Url(scheme=None, auth=None, host=None, port=None, path=&apos;/version&apos;, query=None, fragment=None), destination_scheme = None, conn = None, release_this_conn = True, http_tunnel_required = False, err = None, clean_exit = False

    def urlopen(
        self,
        method,
        url,
        body=None,
        headers=None,
        retries=None,
        redirect=True,
        assert_same_host=True,
        timeout=_Default,
        pool_timeout=None,
        release_conn=None,
        chunked=False,
        body_pos=None,
        **response_kw
    ):
        &quot;&quot;&quot;
        Get a connection from the pool and perform an HTTP request. This is the
        lowest level call for making a request, so you&apos;ll need to specify all
        the raw details.
    
        .. note::
    
           More commonly, it&apos;s appropriate to use a convenience method provided
           by :class:`.RequestMethods`, such as :meth:`request`.
    
        .. note::
    
           `release_conn` will only behave as expected if
           `preload_content=False` because we want to make
           `preload_content=False` the default behaviour someday soon without
           breaking backwards compatibility.
    
        :param method:
            HTTP request method (such as GET, POST, PUT, etc.)
    
        :param url:
            The URL to perform the request on.
    
        :param body:
            Data to send in the request body, either :class:`str`, :class:`bytes`,
            an iterable of :class:`str`/:class:`bytes`, or a file-like object.
    
        :param headers:
            Dictionary of custom headers to send, such as User-Agent,
            If-None-Match, etc. If None, pool headers are used. If provided,
            these headers completely replace any pool-specific headers.
    
        :param retries:
            Configure the number of retries to allow before raising a
            :class:`~urllib3.exceptions.MaxRetryError` exception.
    
            Pass ``None`` to retry until you receive a response. Pass a
            :class:`~urllib3.util.retry.Retry` object for fine-grained control
            over different types of retries.
            Pass an integer number to retry connection errors that many times,
            but no other types of errors. Pass zero to never retry.
    
            If ``False``, then retries are disabled and any exception is raised
            immediately. Also, instead of raising a MaxRetryError on redirects,
            the redirect response will be returned.
    
        :type retries: :class:`~urllib3.util.retry.Retry`, False, or an int.
    
        :param redirect:
            If True, automatically handle redirects (status codes 301, 302,
            303, 307, 308). Each redirect counts as a retry. Disabling retries
            will disable redirect, too.
    
        :param assert_same_host:
            If ``True``, will make sure that the host of the pool requests is
            consistent else will raise HostChangedError. When ``False``, you can
            use the pool on an HTTP proxy and request foreign hosts.
    
        :param timeout:
            If specified, overrides the default timeout for this one
            request. It may be a float (in seconds) or an instance of
            :class:`urllib3.util.Timeout`.
    
        :param pool_timeout:
            If set and the pool is set to block=True, then this method will
            block for ``pool_timeout`` seconds and raise EmptyPoolError if no
            connection is available within the time period.
    
        :param release_conn:
            If False, then the urlopen call will not release the connection
            back into the pool once a response is received (but will release if
            you read the entire contents of the response such as when
            `preload_content=True`). This is useful if you&apos;re not preloading
            the response&apos;s content immediately. You will need to call
            ``r.release_conn()`` on the response ``r`` to return the connection
            back into the pool. If None, it takes the value of
            ``response_kw.get(&apos;preload_content&apos;, True)``.
    
        :param chunked:
            If True, urllib3 will send the body using chunked transfer
            encoding. Otherwise, urllib3 will send the body using the standard
            content-length form. Defaults to False.
    
        :param int body_pos:
            Position to seek to in file-like body in the event of a retry or
            redirect. Typically this won&apos;t need to be set because urllib3 will
            auto-populate the value when needed.
    
        :param \\**response_kw:
            Additional parameters are passed to
            :meth:`urllib3.response.HTTPResponse.from_httplib`
        &quot;&quot;&quot;
    
        parsed_url = parse_url(url)
        destination_scheme = parsed_url.scheme
    
        if headers is None:
            headers = self.headers
    
        if not isinstance(retries, Retry):
            retries = Retry.from_int(retries, redirect=redirect, default=self.retries)
    
        if release_conn is None:
            release_conn = response_kw.get(&quot;preload_content&quot;, True)
    
        # Check host
        if assert_same_host and not self.is_same_host(url):
            raise HostChangedError(self, url, retries)
    
        # Ensure that the URL we&apos;re connecting to is properly encoded
        if url.startswith(&quot;/&quot;):
            url = six.ensure_str(_encode_target(url))
        else:
            url = six.ensure_str(parsed_url.url)
    
        conn = None
    
        # Track whether `conn` needs to be released before
        # returning/raising/recursing. Update this variable if necessary, and
        # leave `release_conn` constant throughout the function. That way, if
        # the function recurses, the original value of `release_conn` will be
        # passed down into the recursive call, and its value will be respected.
        #
        # See issue #651 [1] for details.
        #
        # [1] &lt;https://github.com/urllib3/urllib3/issues/651&gt;
        release_this_conn = release_conn
    
        http_tunnel_required = connection_requires_http_tunnel(
            self.proxy, self.proxy_config, destination_scheme
        )
    
        # Merge the proxy headers. Only done when not using HTTP CONNECT. We
        # have to copy the headers dict so we can safely change it without those
        # changes being reflected in anyone else&apos;s copy.
        if not http_tunnel_required:
            headers = headers.copy()
            headers.update(self.proxy_headers)
    
        # Must keep the exception bound to a separate variable or else Python 3
        # complains about UnboundLocalError.
        err = None
    
        # Keep track of whether we cleanly exited the except block. This
        # ensures we do proper cleanup in finally.
        clean_exit = False
    
        # Rewind body position, if needed. Record current position
        # for future rewinds in the event of a redirect/retry.
        body_pos = set_file_position(body, body_pos)
    
        try:
            # Request a connection from the queue.
            timeout_obj = self._get_timeout(timeout)
            conn = self._get_conn(timeout=pool_timeout)
    
            conn.timeout = timeout_obj.connect_timeout
    
            is_new_proxy_conn = self.proxy is not None and not getattr(
                conn, &quot;sock&quot;, None
            )
            if is_new_proxy_conn and http_tunnel_required:
                self._prepare_proxy(conn)
    
            # Make the request on the httplib connection object.
            httplib_response = self._make_request(
                conn,
                method,
                url,
                timeout=timeout_obj,
                body=body,
                headers=headers,
                chunked=chunked,
            )
    
            # If we&apos;re going to release the connection in ``finally:``, then
            # the response doesn&apos;t need to know about the connection. Otherwise
            # it will also try to release it and we&apos;ll have a double-release
            # mess.
            response_conn = conn if not release_conn else None
    
            # Pass method to Response for length checking
            response_kw[&quot;request_method&quot;] = method
    
            # Import httplib&apos;s response into our own wrapper object
            response = self.ResponseCls.from_httplib(
                httplib_response,
                pool=self,
                connection=response_conn,
                retries=retries,
                **response_kw
            )
    
            # Everything went great!
            clean_exit = True
    
        except EmptyPoolError:
            # Didn&apos;t get a connection from the pool, no need to clean up
            clean_exit = True
            release_this_conn = False
            raise
    
        except (
            TimeoutError,
            HTTPException,
            SocketError,
            ProtocolError,
            BaseSSLError,
            SSLError,
            CertificateError,
        ) as e:
            # Discard the connection for these exceptions. It will be
            # replaced during the next _get_conn() call.
            clean_exit = False
    
            def _is_ssl_error_message_from_http_proxy(ssl_error):
                # We&apos;re trying to detect the message &apos;WRONG_VERSION_NUMBER&apos; but
                # SSLErrors are kinda all over the place when it comes to the message,
                # so we try to cover our bases here!
                message = &quot; &quot;.join(re.split(&quot;[^a-z]&quot;, str(ssl_error).lower()))
                return (
                    &quot;wrong version number&quot; in message or &quot;unknown protocol&quot; in message
                )
    
            # Try to detect a common user error with proxies which is to
            # set an HTTP proxy to be HTTPS when it should be &apos;http://&apos;
            # (ie {&apos;http&apos;: &apos;http://proxy&apos;, &apos;https&apos;: &apos;https://proxy&apos;})
            # Instead we add a nice error message and point to a URL.
            if (
                isinstance(e, BaseSSLError)
                and self.proxy
                and _is_ssl_error_message_from_http_proxy(e)
            ):
                e = ProxyError(
                    &quot;Your proxy appears to only use HTTP and not HTTPS, &quot;
                    &quot;try changing your proxy URL to be HTTP. See: &quot;
                    &quot;https://urllib3.readthedocs.io/en/1.26.x/advanced-usage.html&quot;
                    &quot;#https-proxy-error-http-proxy&quot;,
                    SSLError(e),
                )
            elif isinstance(e, (BaseSSLError, CertificateError)):
                e = SSLError(e)
            elif isinstance(e, (SocketError, NewConnectionError)) and self.proxy:
                e = ProxyError(&quot;Cannot connect to proxy.&quot;, e)
            elif isinstance(e, (SocketError, HTTPException)):
                e = ProtocolError(&quot;Connection aborted.&quot;, e)
    
&gt;           retries = retries.increment(
                method, url, error=e, _pool=self, _stacktrace=sys.exc_info()[2]
            )

../../.virtualenvs/notifications-api/lib/python3.9/site-packages/urllib3/connectionpool.py:785: 
_ _ _ _ _ _ _ _ _ _ _ _ _ _ _ _ _ _ _ _ _ _ _ _ _ _ _ _ _ _ _ _ _ _ _ _ _ _ _ _ _ _ _ _ _ _ _ _ _ _ _ _ _ _ _ _ _ _ _ _ _ _ _ _ _ _ _ _ _ _ _ _ _ _ _ _ _ _ _ _ _ _ _ _ _ _ _ _ _ _ _ _ _ _ _ _ _ _ _ _ _ _ _ _ _ _ _ _ _ _ _ _ _ _ _ _ _ _ _ _ _ _ _ 

self = Retry(total=0, connect=None, read=False, redirect=None, status=None), method = &apos;GET&apos;, url = &apos;/version&apos;, response = None, error = ProtocolError(&apos;Connection aborted.&apos;, FileNotFoundError(2, &apos;No such file or directory&apos;))
_pool = &lt;docker.transport.unixconn.UnixHTTPConnectionPool object at 0x11c630a30&gt;, _stacktrace = &lt;traceback object at 0x11c58ad00&gt;

    def increment(
        self,
        method=None,
        url=None,
        response=None,
        error=None,
        _pool=None,
        _stacktrace=None,
    ):
        &quot;&quot;&quot;Return a new Retry object with incremented retry counters.
    
        :param response: A response object, or None, if the server did not
            return a response.
        :type response: :class:`~urllib3.response.HTTPResponse`
        :param Exception error: An error encountered during the request, or
            None if the response was received successfully.
    
        :return: A new ``Retry`` object.
        &quot;&quot;&quot;
        if self.total is False and error:
            # Disabled, indicate to re-raise the error.
            raise six.reraise(type(error), error, _stacktrace)
    
        total = self.total
        if total is not None:
            total -= 1
    
        connect = self.connect
        read = self.read
        redirect = self.redirect
        status_count = self.status
        other = self.other
        cause = &quot;unknown&quot;
        status = None
        redirect_location = None
    
        if error and self._is_connection_error(error):
            # Connect retry?
            if connect is False:
                raise six.reraise(type(error), error, _stacktrace)
            elif connect is not None:
                connect -= 1
    
        elif error and self._is_read_error(error):
            # Read retry?
            if read is False or not self._is_method_retryable(method):
&gt;               raise six.reraise(type(error), error, _stacktrace)

../../.virtualenvs/notifications-api/lib/python3.9/site-packages/urllib3/util/retry.py:550: 
_ _ _ _ _ _ _ _ _ _ _ _ _ _ _ _ _ _ _ _ _ _ _ _ _ _ _ _ _ _ _ _ _ _ _ _ _ _ _ _ _ _ _ _ _ _ _ _ _ _ _ _ _ _ _ _ _ _ _ _ _ _ _ _ _ _ _ _ _ _ _ _ _ _ _ _ _ _ _ _ _ _ _ _ _ _ _ _ _ _ _ _ _ _ _ _ _ _ _ _ _ _ _ _ _ _ _ _ _ _ _ _ _ _ _ _ _ _ _ _ _ _ _ 

tp = &lt;class &apos;urllib3.exceptions.ProtocolError&apos;&gt;, value = None, tb = None

    def reraise(tp, value, tb=None):
        try:
            if value is None:
                value = tp()
            if value.__traceback__ is not tb:
&gt;               raise value.with_traceback(tb)

../../.virtualenvs/notifications-api/lib/python3.9/site-packages/urllib3/packages/six.py:769: 
_ _ _ _ _ _ _ _ _ _ _ _ _ _ _ _ _ _ _ _ _ _ _ _ _ _ _ _ _ _ _ _ _ _ _ _ _ _ _ _ _ _ _ _ _ _ _ _ _ _ _ _ _ _ _ _ _ _ _ _ _ _ _ _ _ _ _ _ _ _ _ _ _ _ _ _ _ _ _ _ _ _ _ _ _ _ _ _ _ _ _ _ _ _ _ _ _ _ _ _ _ _ _ _ _ _ _ _ _ _ _ _ _ _ _ _ _ _ _ _ _ _ _ 

self = &lt;docker.transport.unixconn.UnixHTTPConnectionPool object at 0x11c630a30&gt;, method = &apos;GET&apos;, url = &apos;/version&apos;, body = None
headers = {&apos;User-Agent&apos;: &apos;docker-sdk-python/5.0.0&apos;, &apos;Accept-Encoding&apos;: &apos;gzip, deflate&apos;, &apos;Accept&apos;: &apos;*/*&apos;, &apos;Connection&apos;: &apos;keep-alive&apos;}, retries = Retry(total=0, connect=None, read=False, redirect=None, status=None), redirect = False
assert_same_host = False, timeout = Timeout(connect=60, read=60, total=None), pool_timeout = None, release_conn = False, chunked = False, body_pos = None, response_kw = {&apos;decode_content&apos;: False, &apos;preload_content&apos;: False}
parsed_url = Url(scheme=None, auth=None, host=None, port=None, path=&apos;/version&apos;, query=None, fragment=None), destination_scheme = None, conn = None, release_this_conn = True, http_tunnel_required = False, err = None, clean_exit = False

    def urlopen(
        self,
        method,
        url,
        body=None,
        headers=None,
        retries=None,
        redirect=True,
        assert_same_host=True,
        timeout=_Default,
        pool_timeout=None,
        release_conn=None,
        chunked=False,
        body_pos=None,
        **response_kw
    ):
        &quot;&quot;&quot;
        Get a connection from the pool and perform an HTTP request. This is the
        lowest level call for making a request, so you&apos;ll need to specify all
        the raw details.
    
        .. note::
    
           More commonly, it&apos;s appropriate to use a convenience method provided
           by :class:`.RequestMethods`, such as :meth:`request`.
    
        .. note::
    
           `release_conn` will only behave as expected if
           `preload_content=False` because we want to make
           `preload_content=False` the default behaviour someday soon without
           breaking backwards compatibility.
    
        :param method:
            HTTP request method (such as GET, POST, PUT, etc.)
    
        :param url:
            The URL to perform the request on.
    
        :param body:
            Data to send in the request body, either :class:`str`, :class:`bytes`,
            an iterable of :class:`str`/:class:`bytes`, or a file-like object.
    
        :param headers:
            Dictionary of custom headers to send, such as User-Agent,
            If-None-Match, etc. If None, pool headers are used. If provided,
            these headers completely replace any pool-specific headers.
    
        :param retries:
            Configure the number of retries to allow before raising a
            :class:`~urllib3.exceptions.MaxRetryError` exception.
    
            Pass ``None`` to retry until you receive a response. Pass a
            :class:`~urllib3.util.retry.Retry` object for fine-grained control
            over different types of retries.
            Pass an integer number to retry connection errors that many times,
            but no other types of errors. Pass zero to never retry.
    
            If ``False``, then retries are disabled and any exception is raised
            immediately. Also, instead of raising a MaxRetryError on redirects,
            the redirect response will be returned.
    
        :type retries: :class:`~urllib3.util.retry.Retry`, False, or an int.
    
        :param redirect:
            If True, automatically handle redirects (status codes 301, 302,
            303, 307, 308). Each redirect counts as a retry. Disabling retries
            will disable redirect, too.
    
        :param assert_same_host:
            If ``True``, will make sure that the host of the pool requests is
            consistent else will raise HostChangedError. When ``False``, you can
            use the pool on an HTTP proxy and request foreign hosts.
    
        :param timeout:
            If specified, overrides the default timeout for this one
            request. It may be a float (in seconds) or an instance of
            :class:`urllib3.util.Timeout`.
    
        :param pool_timeout:
            If set and the pool is set to block=True, then this method will
            block for ``pool_timeout`` seconds and raise EmptyPoolError if no
            connection is available within the time period.
    
        :param release_conn:
            If False, then the urlopen call will not release the connection
            back into the pool once a response is received (but will release if
            you read the entire contents of the response such as when
            `preload_content=True`). This is useful if you&apos;re not preloading
            the response&apos;s content immediately. You will need to call
            ``r.release_conn()`` on the response ``r`` to return the connection
            back into the pool. If None, it takes the value of
            ``response_kw.get(&apos;preload_content&apos;, True)``.
    
        :param chunked:
            If True, urllib3 will send the body using chunked transfer
            encoding. Otherwise, urllib3 will send the body using the standard
            content-length form. Defaults to False.
    
        :param int body_pos:
            Position to seek to in file-like body in the event of a retry or
            redirect. Typically this won&apos;t need to be set because urllib3 will
            auto-populate the value when needed.
    
        :param \\**response_kw:
            Additional parameters are passed to
            :meth:`urllib3.response.HTTPResponse.from_httplib`
        &quot;&quot;&quot;
    
        parsed_url = parse_url(url)
        destination_scheme = parsed_url.scheme
    
        if headers is None:
            headers = self.headers
    
        if not isinstance(retries, Retry):
            retries = Retry.from_int(retries, redirect=redirect, default=self.retries)
    
        if release_conn is None:
            release_conn = response_kw.get(&quot;preload_content&quot;, True)
    
        # Check host
        if assert_same_host and not self.is_same_host(url):
            raise HostChangedError(self, url, retries)
    
        # Ensure that the URL we&apos;re connecting to is properly encoded
        if url.startswith(&quot;/&quot;):
            url = six.ensure_str(_encode_target(url))
        else:
            url = six.ensure_str(parsed_url.url)
    
        conn = None
    
        # Track whether `conn` needs to be released before
        # returning/raising/recursing. Update this variable if necessary, and
        # leave `release_conn` constant throughout the function. That way, if
        # the function recurses, the original value of `release_conn` will be
        # passed down into the recursive call, and its value will be respected.
        #
        # See issue #651 [1] for details.
        #
        # [1] &lt;https://github.com/urllib3/urllib3/issues/651&gt;
        release_this_conn = release_conn
    
        http_tunnel_required = connection_requires_http_tunnel(
            self.proxy, self.proxy_config, destination_scheme
        )
    
        # Merge the proxy headers. Only done when not using HTTP CONNECT. We
        # have to copy the headers dict so we can safely change it without those
        # changes being reflected in anyone else&apos;s copy.
        if not http_tunnel_required:
            headers = headers.copy()
            headers.update(self.proxy_headers)
    
        # Must keep the exception bound to a separate variable or else Python 3
        # complains about UnboundLocalError.
        err = None
    
        # Keep track of whether we cleanly exited the except block. This
        # ensures we do proper cleanup in finally.
        clean_exit = False
    
        # Rewind body position, if needed. Record current position
        # for future rewinds in the event of a redirect/retry.
        body_pos = set_file_position(body, body_pos)
    
        try:
            # Request a connection from the queue.
            timeout_obj = self._get_timeout(timeout)
            conn = self._get_conn(timeout=pool_timeout)
    
            conn.timeout = timeout_obj.connect_timeout
    
            is_new_proxy_conn = self.proxy is not None and not getattr(
                conn, &quot;sock&quot;, None
            )
            if is_new_proxy_conn and http_tunnel_required:
                self._prepare_proxy(conn)
    
            # Make the request on the httplib connection object.
&gt;           httplib_response = self._make_request(
                conn,
                method,
                url,
                timeout=timeout_obj,
                body=body,
                headers=headers,
                chunked=chunked,
            )

../../.virtualenvs/notifications-api/lib/python3.9/site-packages/urllib3/connectionpool.py:703: 
_ _ _ _ _ _ _ _ _ _ _ _ _ _ _ _ _ _ _ _ _ _ _ _ _ _ _ _ _ _ _ _ _ _ _ _ _ _ _ _ _ _ _ _ _ _ _ _ _ _ _ _ _ _ _ _ _ _ _ _ _ _ _ _ _ _ _ _ _ _ _ _ _ _ _ _ _ _ _ _ _ _ _ _ _ _ _ _ _ _ _ _ _ _ _ _ _ _ _ _ _ _ _ _ _ _ _ _ _ _ _ _ _ _ _ _ _ _ _ _ _ _ _ 

self = &lt;docker.transport.unixconn.UnixHTTPConnectionPool object at 0x11c630a30&gt;, conn = &lt;docker.transport.unixconn.UnixHTTPConnection object at 0x11c5a28e0&gt;, method = &apos;GET&apos;, url = &apos;/version&apos;, timeout = Timeout(connect=60, read=60, total=None)
chunked = False, httplib_request_kw = {&apos;body&apos;: None, &apos;headers&apos;: {&apos;User-Agent&apos;: &apos;docker-sdk-python/5.0.0&apos;, &apos;Accept-Encoding&apos;: &apos;gzip, deflate&apos;, &apos;Accept&apos;: &apos;*/*&apos;, &apos;Connection&apos;: &apos;keep-alive&apos;}}, timeout_obj = Timeout(connect=60, read=60, total=None)

    def _make_request(
        self, conn, method, url, timeout=_Default, chunked=False, **httplib_request_kw
    ):
        &quot;&quot;&quot;
        Perform a request on a given urllib connection object taken from our
        pool.
    
        :param conn:
            a connection from one of our connection pools
    
        :param timeout:
            Socket timeout in seconds for the request. This can be a
            float or integer, which will set the same timeout value for
            the socket connect and the socket read, or an instance of
            :class:`urllib3.util.Timeout`, which gives you more fine-grained
            control over your timeouts.
        &quot;&quot;&quot;
        self.num_requests += 1
    
        timeout_obj = self._get_timeout(timeout)
        timeout_obj.start_connect()
        conn.timeout = timeout_obj.connect_timeout
    
        # Trigger any extra validation we need to do.
        try:
            self._validate_conn(conn)
        except (SocketTimeout, BaseSSLError) as e:
            # Py2 raises this as a BaseSSLError, Py3 raises it as socket timeout.
            self._raise_timeout(err=e, url=url, timeout_value=conn.timeout)
            raise
    
        # conn.request() calls http.client.*.request, not the method in
        # urllib3.request. It also calls makefile (recv) on the socket.
        try:
            if chunked:
                conn.request_chunked(method, url, **httplib_request_kw)
            else:
&gt;               conn.request(method, url, **httplib_request_kw)

../../.virtualenvs/notifications-api/lib/python3.9/site-packages/urllib3/connectionpool.py:398: 
_ _ _ _ _ _ _ _ _ _ _ _ _ _ _ _ _ _ _ _ _ _ _ _ _ _ _ _ _ _ _ _ _ _ _ _ _ _ _ _ _ _ _ _ _ _ _ _ _ _ _ _ _ _ _ _ _ _ _ _ _ _ _ _ _ _ _ _ _ _ _ _ _ _ _ _ _ _ _ _ _ _ _ _ _ _ _ _ _ _ _ _ _ _ _ _ _ _ _ _ _ _ _ _ _ _ _ _ _ _ _ _ _ _ _ _ _ _ _ _ _ _ _ 

self = &lt;docker.transport.unixconn.UnixHTTPConnection object at 0x11c5a28e0&gt;, method = &apos;GET&apos;, url = &apos;/version&apos;, body = None
headers = {&apos;User-Agent&apos;: &apos;docker-sdk-python/5.0.0&apos;, &apos;Accept-Encoding&apos;: &apos;gzip, deflate&apos;, &apos;Accept&apos;: &apos;*/*&apos;, &apos;Connection&apos;: &apos;keep-alive&apos;}

    def request(self, method, url, body=None, headers={}, *,
                encode_chunked=False):
        &quot;&quot;&quot;Send a complete request to the server.&quot;&quot;&quot;
&gt;       self._send_request(method, url, body, headers, encode_chunked)

../../.pyenv/versions/3.9.1/lib/python3.9/http/client.py:1255: 
_ _ _ _ _ _ _ _ _ _ _ _ _ _ _ _ _ _ _ _ _ _ _ _ _ _ _ _ _ _ _ _ _ _ _ _ _ _ _ _ _ _ _ _ _ _ _ _ _ _ _ _ _ _ _ _ _ _ _ _ _ _ _ _ _ _ _ _ _ _ _ _ _ _ _ _ _ _ _ _ _ _ _ _ _ _ _ _ _ _ _ _ _ _ _ _ _ _ _ _ _ _ _ _ _ _ _ _ _ _ _ _ _ _ _ _ _ _ _ _ _ _ _ 

self = &lt;docker.transport.unixconn.UnixHTTPConnection object at 0x11c5a28e0&gt;, method = &apos;GET&apos;, url = &apos;/version&apos;, body = None
headers = {&apos;User-Agent&apos;: &apos;docker-sdk-python/5.0.0&apos;, &apos;Accept-Encoding&apos;: &apos;gzip, deflate&apos;, &apos;Accept&apos;: &apos;*/*&apos;, &apos;Connection&apos;: &apos;keep-alive&apos;}, encode_chunked = False

    def _send_request(self, method, url, body, headers, encode_chunked):
        # Honor explicitly requested Host: and Accept-Encoding: headers.
        header_names = frozenset(k.lower() for k in headers)
        skips = {}
        if &apos;host&apos; in header_names:
            skips[&apos;skip_host&apos;] = 1
        if &apos;accept-encoding&apos; in header_names:
            skips[&apos;skip_accept_encoding&apos;] = 1
    
        self.putrequest(method, url, **skips)
    
        # chunked encoding will happen if HTTP/1.1 is used and either
        # the caller passes encode_chunked=True or the following
        # conditions hold:
        # 1. content-length has not been explicitly set
        # 2. the body is a file or iterable, but not a str or bytes-like
        # 3. Transfer-Encoding has NOT been explicitly set by the caller
    
        if &apos;content-length&apos; not in header_names:
            # only chunk body if not explicitly set for backwards
            # compatibility, assuming the client code is already handling the
            # chunking
            if &apos;transfer-encoding&apos; not in header_names:
                # if content-length cannot be automatically determined, fall
                # back to chunked encoding
                encode_chunked = False
                content_length = self._get_content_length(body, method)
                if content_length is None:
                    if body is not None:
                        if self.debuglevel &gt; 0:
                            print(&apos;Unable to determine size of %r&apos; % body)
                        encode_chunked = True
                        self.putheader(&apos;Transfer-Encoding&apos;, &apos;chunked&apos;)
                else:
                    self.putheader(&apos;Content-Length&apos;, str(content_length))
        else:
            encode_chunked = False
    
        for hdr, value in headers.items():
            self.putheader(hdr, value)
        if isinstance(body, str):
            # RFC 2616 Section 3.7.1 says that text default has a
            # default charset of iso-8859-1.
            body = _encode(body, &apos;body&apos;)
&gt;       self.endheaders(body, encode_chunked=encode_chunked)

../../.pyenv/versions/3.9.1/lib/python3.9/http/client.py:1301: 
_ _ _ _ _ _ _ _ _ _ _ _ _ _ _ _ _ _ _ _ _ _ _ _ _ _ _ _ _ _ _ _ _ _ _ _ _ _ _ _ _ _ _ _ _ _ _ _ _ _ _ _ _ _ _ _ _ _ _ _ _ _ _ _ _ _ _ _ _ _ _ _ _ _ _ _ _ _ _ _ _ _ _ _ _ _ _ _ _ _ _ _ _ _ _ _ _ _ _ _ _ _ _ _ _ _ _ _ _ _ _ _ _ _ _ _ _ _ _ _ _ _ _ 

self = &lt;docker.transport.unixconn.UnixHTTPConnection object at 0x11c5a28e0&gt;, message_body = None

    def endheaders(self, message_body=None, *, encode_chunked=False):
        &quot;&quot;&quot;Indicate that the last header line has been sent to the server.
    
        This method sends the request to the server.  The optional message_body
        argument can be used to pass a message body associated with the
        request.
        &quot;&quot;&quot;
        if self.__state == _CS_REQ_STARTED:
            self.__state = _CS_REQ_SENT
        else:
            raise CannotSendHeader()
&gt;       self._send_output(message_body, encode_chunked=encode_chunked)

../../.pyenv/versions/3.9.1/lib/python3.9/http/client.py:1250: 
_ _ _ _ _ _ _ _ _ _ _ _ _ _ _ _ _ _ _ _ _ _ _ _ _ _ _ _ _ _ _ _ _ _ _ _ _ _ _ _ _ _ _ _ _ _ _ _ _ _ _ _ _ _ _ _ _ _ _ _ _ _ _ _ _ _ _ _ _ _ _ _ _ _ _ _ _ _ _ _ _ _ _ _ _ _ _ _ _ _ _ _ _ _ _ _ _ _ _ _ _ _ _ _ _ _ _ _ _ _ _ _ _ _ _ _ _ _ _ _ _ _ _ 

self = &lt;docker.transport.unixconn.UnixHTTPConnection object at 0x11c5a28e0&gt;, message_body = None, encode_chunked = False

    def _send_output(self, message_body=None, encode_chunked=False):
        &quot;&quot;&quot;Send the currently buffered request and clear the buffer.
    
        Appends an extra \\r\\n to the buffer.
        A message_body may be specified, to be appended to the request.
        &quot;&quot;&quot;
        self._buffer.extend((b&quot;&quot;, b&quot;&quot;))
        msg = b&quot;\r\n&quot;.join(self._buffer)
        del self._buffer[:]
&gt;       self.send(msg)

../../.pyenv/versions/3.9.1/lib/python3.9/http/client.py:1010: 
_ _ _ _ _ _ _ _ _ _ _ _ _ _ _ _ _ _ _ _ _ _ _ _ _ _ _ _ _ _ _ _ _ _ _ _ _ _ _ _ _ _ _ _ _ _ _ _ _ _ _ _ _ _ _ _ _ _ _ _ _ _ _ _ _ _ _ _ _ _ _ _ _ _ _ _ _ _ _ _ _ _ _ _ _ _ _ _ _ _ _ _ _ _ _ _ _ _ _ _ _ _ _ _ _ _ _ _ _ _ _ _ _ _ _ _ _ _ _ _ _ _ _ 

self = &lt;docker.transport.unixconn.UnixHTTPConnection object at 0x11c5a28e0&gt;
data = b&apos;GET /version HTTP/1.1\r\nHost: localhost\r\nUser-Agent: docker-sdk-python/5.0.0\r\nAccept-Encoding: gzip, deflate\r\nAccept: */*\r\nConnection: keep-alive\r\n\r\n&apos;

    def send(self, data):
        &quot;&quot;&quot;Send `data&apos; to the server.
        ``data`` can be a string object, a bytes object, an array object, a
        file-like object that supports a .read() method, or an iterable object.
        &quot;&quot;&quot;
    
        if self.sock is None:
            if self.auto_open:
&gt;               self.connect()

../../.pyenv/versions/3.9.1/lib/python3.9/http/client.py:950: 
_ _ _ _ _ _ _ _ _ _ _ _ _ _ _ _ _ _ _ _ _ _ _ _ _ _ _ _ _ _ _ _ _ _ _ _ _ _ _ _ _ _ _ _ _ _ _ _ _ _ _ _ _ _ _ _ _ _ _ _ _ _ _ _ _ _ _ _ _ _ _ _ _ _ _ _ _ _ _ _ _ _ _ _ _ _ _ _ _ _ _ _ _ _ _ _ _ _ _ _ _ _ _ _ _ _ _ _ _ _ _ _ _ _ _ _ _ _ _ _ _ _ _ 

self = &lt;docker.transport.unixconn.UnixHTTPConnection object at 0x11c5a28e0&gt;

    def connect(self):
        sock = socket.socket(socket.AF_UNIX, socket.SOCK_STREAM)
        sock.settimeout(self.timeout)
&gt;       sock.connect(self.unix_socket)
E       urllib3.exceptions.ProtocolError: (&apos;Connection aborted.&apos;, FileNotFoundError(2, &apos;No such file or directory&apos;))

../../.virtualenvs/notifications-api/lib/python3.9/site-packages/docker/transport/unixconn.py:43: ProtocolError

During handling of the above exception, another exception occurred:

self = &lt;docker.api.client.APIClient object at 0x11c5a2580&gt;

    def _retrieve_server_version(self):
        try:
&gt;           return self.version(api_version=False)[&quot;ApiVersion&quot;]

../../.virtualenvs/notifications-api/lib/python3.9/site-packages/docker/api/client.py:214: 
_ _ _ _ _ _ _ _ _ _ _ _ _ _ _ _ _ _ _ _ _ _ _ _ _ _ _ _ _ _ _ _ _ _ _ _ _ _ _ _ _ _ _ _ _ _ _ _ _ _ _ _ _ _ _ _ _ _ _ _ _ _ _ _ _ _ _ _ _ _ _ _ _ _ _ _ _ _ _ _ _ _ _ _ _ _ _ _ _ _ _ _ _ _ _ _ _ _ _ _ _ _ _ _ _ _ _ _ _ _ _ _ _ _ _ _ _ _ _ _ _ _ _ 

self = &lt;docker.api.client.APIClient object at 0x11c5a2580&gt;, api_version = False

    def version(self, api_version=True):
        &quot;&quot;&quot;
        Returns version information from the server. Similar to the ``docker
        version`` command.
    
        Returns:
            (dict): The server version information
    
        Raises:
            :py:class:`docker.errors.APIError`
                If the server returns an error.
        &quot;&quot;&quot;
        url = self._url(&quot;/version&quot;, versioned_api=api_version)
&gt;       return self._result(self._get(url), json=True)

../../.virtualenvs/notifications-api/lib/python3.9/site-packages/docker/api/daemon.py:181: 
_ _ _ _ _ _ _ _ _ _ _ _ _ _ _ _ _ _ _ _ _ _ _ _ _ _ _ _ _ _ _ _ _ _ _ _ _ _ _ _ _ _ _ _ _ _ _ _ _ _ _ _ _ _ _ _ _ _ _ _ _ _ _ _ _ _ _ _ _ _ _ _ _ _ _ _ _ _ _ _ _ _ _ _ _ _ _ _ _ _ _ _ _ _ _ _ _ _ _ _ _ _ _ _ _ _ _ _ _ _ _ _ _ _ _ _ _ _ _ _ _ _ _ 

self = &lt;docker.api.client.APIClient object at 0x11c5a2580&gt;, args = (&apos;http+docker://localhost/version&apos;,), kwargs = {}

    def inner(self, *args, **kwargs):
        if &apos;HttpHeaders&apos; in self._general_configs:
            if not kwargs.get(&apos;headers&apos;):
                kwargs[&apos;headers&apos;] = self._general_configs[&apos;HttpHeaders&apos;]
            else:
                kwargs[&apos;headers&apos;].update(self._general_configs[&apos;HttpHeaders&apos;])
&gt;       return f(self, *args, **kwargs)

../../.virtualenvs/notifications-api/lib/python3.9/site-packages/docker/utils/decorators.py:46: 
_ _ _ _ _ _ _ _ _ _ _ _ _ _ _ _ _ _ _ _ _ _ _ _ _ _ _ _ _ _ _ _ _ _ _ _ _ _ _ _ _ _ _ _ _ _ _ _ _ _ _ _ _ _ _ _ _ _ _ _ _ _ _ _ _ _ _ _ _ _ _ _ _ _ _ _ _ _ _ _ _ _ _ _ _ _ _ _ _ _ _ _ _ _ _ _ _ _ _ _ _ _ _ _ _ _ _ _ _ _ _ _ _ _ _ _ _ _ _ _ _ _ _ 

self = &lt;docker.api.client.APIClient object at 0x11c5a2580&gt;, url = &apos;http+docker://localhost/version&apos;, kwargs = {&apos;timeout&apos;: 60}

    @update_headers
    def _get(self, url, **kwargs):
&gt;       return self.get(url, **self._set_request_timeout(kwargs))

../../.virtualenvs/notifications-api/lib/python3.9/site-packages/docker/api/client.py:237: 
_ _ _ _ _ _ _ _ _ _ _ _ _ _ _ _ _ _ _ _ _ _ _ _ _ _ _ _ _ _ _ _ _ _ _ _ _ _ _ _ _ _ _ _ _ _ _ _ _ _ _ _ _ _ _ _ _ _ _ _ _ _ _ _ _ _ _ _ _ _ _ _ _ _ _ _ _ _ _ _ _ _ _ _ _ _ _ _ _ _ _ _ _ _ _ _ _ _ _ _ _ _ _ _ _ _ _ _ _ _ _ _ _ _ _ _ _ _ _ _ _ _ _ 

self = &lt;docker.api.client.APIClient object at 0x11c5a2580&gt;, url = &apos;http+docker://localhost/version&apos;, kwargs = {&apos;allow_redirects&apos;: True, &apos;timeout&apos;: 60}

    def get(self, url, **kwargs):
        r&quot;&quot;&quot;Sends a GET request. Returns :class:`Response` object.
    
        :param url: URL for the new :class:`Request` object.
        :param \*\*kwargs: Optional arguments that ``request`` takes.
        :rtype: requests.Response
        &quot;&quot;&quot;
    
        kwargs.setdefault(&apos;allow_redirects&apos;, True)
&gt;       return self.request(&apos;GET&apos;, url, **kwargs)

../../.virtualenvs/notifications-api/lib/python3.9/site-packages/requests/sessions.py:555: 
_ _ _ _ _ _ _ _ _ _ _ _ _ _ _ _ _ _ _ _ _ _ _ _ _ _ _ _ _ _ _ _ _ _ _ _ _ _ _ _ _ _ _ _ _ _ _ _ _ _ _ _ _ _ _ _ _ _ _ _ _ _ _ _ _ _ _ _ _ _ _ _ _ _ _ _ _ _ _ _ _ _ _ _ _ _ _ _ _ _ _ _ _ _ _ _ _ _ _ _ _ _ _ _ _ _ _ _ _ _ _ _ _ _ _ _ _ _ _ _ _ _ _ 

self = &lt;docker.api.client.APIClient object at 0x11c5a2580&gt;, method = &apos;GET&apos;, url = &apos;http+docker://localhost/version&apos;, params = None, data = None, headers = None, cookies = None, files = None, auth = None, timeout = 60, allow_redirects = True
proxies = {}, hooks = None, stream = None, verify = None, cert = None, json = None

    def request(self, method, url,
            params=None, data=None, headers=None, cookies=None, files=None,
            auth=None, timeout=None, allow_redirects=True, proxies=None,
            hooks=None, stream=None, verify=None, cert=None, json=None):
        &quot;&quot;&quot;Constructs a :class:`Request &lt;Request&gt;`, prepares it and sends it.
        Returns :class:`Response &lt;Response&gt;` object.
    
        :param method: method for the new :class:`Request` object.
        :param url: URL for the new :class:`Request` object.
        :param params: (optional) Dictionary or bytes to be sent in the query
            string for the :class:`Request`.
        :param data: (optional) Dictionary, list of tuples, bytes, or file-like
            object to send in the body of the :class:`Request`.
        :param json: (optional) json to send in the body of the
            :class:`Request`.
        :param headers: (optional) Dictionary of HTTP Headers to send with the
            :class:`Request`.
        :param cookies: (optional) Dict or CookieJar object to send with the
            :class:`Request`.
        :param files: (optional) Dictionary of ``&apos;filename&apos;: file-like-objects``
            for multipart encoding upload.
        :param auth: (optional) Auth tuple or callable to enable
            Basic/Digest/Custom HTTP Auth.
        :param timeout: (optional) How long to wait for the server to send
            data before giving up, as a float, or a :ref:`(connect timeout,
            read timeout) &lt;timeouts&gt;` tuple.
        :type timeout: float or tuple
        :param allow_redirects: (optional) Set to True by default.
        :type allow_redirects: bool
        :param proxies: (optional) Dictionary mapping protocol or protocol and
            hostname to the URL of the proxy.
        :param stream: (optional) whether to immediately download the response
            content. Defaults to ``False``.
        :param verify: (optional) Either a boolean, in which case it controls whether we verify
            the server&apos;s TLS certificate, or a string, in which case it must be a path
            to a CA bundle to use. Defaults to ``True``. When set to
            ``False``, requests will accept any TLS certificate presented by
            the server, and will ignore hostname mismatches and/or expired
            certificates, which will make your application vulnerable to
            man-in-the-middle (MitM) attacks. Setting verify to ``False``
            may be useful during local development or testing.
        :param cert: (optional) if String, path to ssl client cert file (.pem).
            If Tuple, (&apos;cert&apos;, &apos;key&apos;) pair.
        :rtype: requests.Response
        &quot;&quot;&quot;
        # Create the Request.
        req = Request(
            method=method.upper(),
            url=url,
            headers=headers,
            files=files,
            data=data or {},
            json=json,
            params=params or {},
            auth=auth,
            cookies=cookies,
            hooks=hooks,
        )
        prep = self.prepare_request(req)
    
        proxies = proxies or {}
    
        settings = self.merge_environment_settings(
            prep.url, proxies, stream, verify, cert
        )
    
        # Send the request.
        send_kwargs = {
            &apos;timeout&apos;: timeout,
            &apos;allow_redirects&apos;: allow_redirects,
        }
        send_kwargs.update(settings)
&gt;       resp = self.send(prep, **send_kwargs)

../../.virtualenvs/notifications-api/lib/python3.9/site-packages/requests/sessions.py:542: 
_ _ _ _ _ _ _ _ _ _ _ _ _ _ _ _ _ _ _ _ _ _ _ _ _ _ _ _ _ _ _ _ _ _ _ _ _ _ _ _ _ _ _ _ _ _ _ _ _ _ _ _ _ _ _ _ _ _ _ _ _ _ _ _ _ _ _ _ _ _ _ _ _ _ _ _ _ _ _ _ _ _ _ _ _ _ _ _ _ _ _ _ _ _ _ _ _ _ _ _ _ _ _ _ _ _ _ _ _ _ _ _ _ _ _ _ _ _ _ _ _ _ _ 

self = &lt;docker.api.client.APIClient object at 0x11c5a2580&gt;, request = &lt;PreparedRequest [GET]&gt;, kwargs = {&apos;cert&apos;: None, &apos;proxies&apos;: OrderedDict(), &apos;stream&apos;: False, &apos;timeout&apos;: 60, ...}, allow_redirects = True, stream = False
hooks = {&apos;response&apos;: []}, adapter = &lt;docker.transport.unixconn.UnixHTTPAdapter object at 0x11c630970&gt;, start = 1643642593.8964229

    def send(self, request, **kwargs):
        &quot;&quot;&quot;Send a given PreparedRequest.
    
        :rtype: requests.Response
        &quot;&quot;&quot;
        # Set defaults that the hooks can utilize to ensure they always have
        # the correct parameters to reproduce the previous request.
        kwargs.setdefault(&apos;stream&apos;, self.stream)
        kwargs.setdefault(&apos;verify&apos;, self.verify)
        kwargs.setdefault(&apos;cert&apos;, self.cert)
        kwargs.setdefault(&apos;proxies&apos;, self.proxies)
    
        # It&apos;s possible that users might accidentally send a Request object.
        # Guard against that specific failure case.
        if isinstance(request, Request):
            raise ValueError(&apos;You can only send PreparedRequests.&apos;)
    
        # Set up variables needed for resolve_redirects and dispatching of hooks
        allow_redirects = kwargs.pop(&apos;allow_redirects&apos;, True)
        stream = kwargs.get(&apos;stream&apos;)
        hooks = request.hooks
    
        # Get the appropriate adapter to use
        adapter = self.get_adapter(url=request.url)
    
        # Start time (approximately) of the request
        start = preferred_clock()
    
        # Send the request
&gt;       r = adapter.send(request, **kwargs)

../../.virtualenvs/notifications-api/lib/python3.9/site-packages/requests/sessions.py:655: 
_ _ _ _ _ _ _ _ _ _ _ _ _ _ _ _ _ _ _ _ _ _ _ _ _ _ _ _ _ _ _ _ _ _ _ _ _ _ _ _ _ _ _ _ _ _ _ _ _ _ _ _ _ _ _ _ _ _ _ _ _ _ _ _ _ _ _ _ _ _ _ _ _ _ _ _ _ _ _ _ _ _ _ _ _ _ _ _ _ _ _ _ _ _ _ _ _ _ _ _ _ _ _ _ _ _ _ _ _ _ _ _ _ _ _ _ _ _ _ _ _ _ _ 

self = &lt;docker.transport.unixconn.UnixHTTPAdapter object at 0x11c630970&gt;, request = &lt;PreparedRequest [GET]&gt;, stream = False, timeout = Timeout(connect=60, read=60, total=None), verify = True, cert = None, proxies = OrderedDict()

    def send(self, request, stream=False, timeout=None, verify=True, cert=None, proxies=None):
        &quot;&quot;&quot;Sends PreparedRequest object. Returns Response object.
    
        :param request: The :class:`PreparedRequest &lt;PreparedRequest&gt;` being sent.
        :param stream: (optional) Whether to stream the request content.
        :param timeout: (optional) How long to wait for the server to send
            data before giving up, as a float, or a :ref:`(connect timeout,
            read timeout) &lt;timeouts&gt;` tuple.
        :type timeout: float or tuple or urllib3 Timeout object
        :param verify: (optional) Either a boolean, in which case it controls whether
            we verify the server&apos;s TLS certificate, or a string, in which case it
            must be a path to a CA bundle to use
        :param cert: (optional) Any user-provided SSL certificate to be trusted.
        :param proxies: (optional) The proxies dictionary to apply to the request.
        :rtype: requests.Response
        &quot;&quot;&quot;
    
        try:
            conn = self.get_connection(request.url, proxies)
        except LocationValueError as e:
            raise InvalidURL(e, request=request)
    
        self.cert_verify(conn, request.url, verify, cert)
        url = self.request_url(request, proxies)
        self.add_headers(request, stream=stream, timeout=timeout, verify=verify, cert=cert, proxies=proxies)
    
        chunked = not (request.body is None or &apos;Content-Length&apos; in request.headers)
    
        if isinstance(timeout, tuple):
            try:
                connect, read = timeout
                timeout = TimeoutSauce(connect=connect, read=read)
            except ValueError as e:
                # this may raise a string formatting error.
                err = (&quot;Invalid timeout {}. Pass a (connect, read) &quot;
                       &quot;timeout tuple, or a single float to set &quot;
                       &quot;both timeouts to the same value&quot;.format(timeout))
                raise ValueError(err)
        elif isinstance(timeout, TimeoutSauce):
            pass
        else:
            timeout = TimeoutSauce(connect=timeout, read=timeout)
    
        try:
            if not chunked:
                resp = conn.urlopen(
                    method=request.method,
                    url=url,
                    body=request.body,
                    headers=request.headers,
                    redirect=False,
                    assert_same_host=False,
                    preload_content=False,
                    decode_content=False,
                    retries=self.max_retries,
                    timeout=timeout
                )
    
            # Send the request.
            else:
                if hasattr(conn, &apos;proxy_pool&apos;):
                    conn = conn.proxy_pool
    
                low_conn = conn._get_conn(timeout=DEFAULT_POOL_TIMEOUT)
    
                try:
                    low_conn.putrequest(request.method,
                                        url,
                                        skip_accept_encoding=True)
    
                    for header, value in request.headers.items():
                        low_conn.putheader(header, value)
    
                    low_conn.endheaders()
    
                    for i in request.body:
                        low_conn.send(hex(len(i))[2:].encode(&apos;utf-8&apos;))
                        low_conn.send(b&apos;\r\n&apos;)
                        low_conn.send(i)
                        low_conn.send(b&apos;\r\n&apos;)
                    low_conn.send(b&apos;0\r\n\r\n&apos;)
    
                    # Receive the response from the server
                    try:
                        # For Python 2.7, use buffering of HTTP responses
                        r = low_conn.getresponse(buffering=True)
                    except TypeError:
                        # For compatibility with Python 3.3+
                        r = low_conn.getresponse()
    
                    resp = HTTPResponse.from_httplib(
                        r,
                        pool=conn,
                        connection=low_conn,
                        preload_content=False,
                        decode_content=False
                    )
                except:
                    # If we hit any problems here, clean up the connection.
                    # Then, reraise so that we can handle the actual exception.
                    low_conn.close()
                    raise
    
        except (ProtocolError, socket.error) as err:
&gt;           raise ConnectionError(err, request=request)
E           requests.exceptions.ConnectionError: (&apos;Connection aborted.&apos;, FileNotFoundError(2, &apos;No such file or directory&apos;))

../../.virtualenvs/notifications-api/lib/python3.9/site-packages/requests/adapters.py:498: ConnectionError

During handling of the above exception, another exception occurred:

pmr_redis_config = RedisConfig(port=&apos;6380&apos;, image=&apos;redis:6.2&apos;, ci_port=&apos;6380&apos;, host=&apos;localhost&apos;)

    @pytest.fixture(scope=&quot;session&quot;)
    def _redis_container(pmr_redis_config):
        result = get_container(
            pmr_redis_config,
            ports={6379: pmr_redis_config.port},
            environment={},
            check_fn=check_redis_fn,
        )
&gt;       yield next(iter(result))

../../.virtualenvs/notifications-api/lib/python3.9/site-packages/pytest_mock_resources/container/redis.py:52: 
_ _ _ _ _ _ _ _ _ _ _ _ _ _ _ _ _ _ _ _ _ _ _ _ _ _ _ _ _ _ _ _ _ _ _ _ _ _ _ _ _ _ _ _ _ _ _ _ _ _ _ _ _ _ _ _ _ _ _ _ _ _ _ _ _ _ _ _ _ _ _ _ _ _ _ _ _ _ _ _ _ _ _ _ _ _ _ _ _ _ _ _ _ _ _ _ _ _ _ _ _ _ _ _ _ _ _ _ _ _ _ _ _ _ _ _ _ _ _ _ _ _ _ 
../../.virtualenvs/notifications-api/lib/python3.9/site-packages/pytest_mock_resources/container/base.py:26: in get_container
    client = docker.from_env(version=&quot;auto&quot;)
../../.virtualenvs/notifications-api/lib/python3.9/site-packages/docker/client.py:96: in from_env
    return cls(
../../.virtualenvs/notifications-api/lib/python3.9/site-packages/docker/client.py:45: in __init__
    self.api = APIClient(*args, **kwargs)
../../.virtualenvs/notifications-api/lib/python3.9/site-packages/docker/api/client.py:197: in __init__
    self._version = self._retrieve_server_version()
_ _ _ _ _ _ _ _ _ _ _ _ _ _ _ _ _ _ _ _ _ _ _ _ _ _ _ _ _ _ _ _ _ _ _ _ _ _ _ _ _ _ _ _ _ _ _ _ _ _ _ _ _ _ _ _ _ _ _ _ _ _ _ _ _ _ _ _ _ _ _ _ _ _ _ _ _ _ _ _ _ _ _ _ _ _ _ _ _ _ _ _ _ _ _ _ _ _ _ _ _ _ _ _ _ _ _ _ _ _ _ _ _ _ _ _ _ _ _ _ _ _ _ 

self = &lt;docker.api.client.APIClient object at 0x11c5a2580&gt;

    def _retrieve_server_version(self):
        try:
            return self.version(api_version=False)[&quot;ApiVersion&quot;]
        except KeyError:
            raise DockerException(
                &apos;Invalid response from docker daemon: key &quot;ApiVersion&quot;&apos;
                &apos; is missing.&apos;
            )
        except Exception as e:
&gt;           raise DockerException(
                &apos;Error while fetching server API version: {0}&apos;.format(e)
            )
E           docker.errors.DockerException: Error while fetching server API version: (&apos;Connection aborted.&apos;, FileNotFoundError(2, &apos;No such file or directory&apos;))

../../.virtualenvs/notifications-api/lib/python3.9/site-packages/docker/api/client.py:221: DockerException</error></testcase><testcase classname="tests.app.test_queue.TestRedisQueue" file="tests/app/test_queue.py" line="83" name="test_polling_message" time="0.0007259845733642578"><error message="test setup failure">self = &lt;docker.transport.unixconn.UnixHTTPConnectionPool object at 0x11c630a30&gt;, method = &apos;GET&apos;, url = &apos;/version&apos;, body = None
headers = {&apos;User-Agent&apos;: &apos;docker-sdk-python/5.0.0&apos;, &apos;Accept-Encoding&apos;: &apos;gzip, deflate&apos;, &apos;Accept&apos;: &apos;*/*&apos;, &apos;Connection&apos;: &apos;keep-alive&apos;}, retries = Retry(total=0, connect=None, read=False, redirect=None, status=None), redirect = False
assert_same_host = False, timeout = Timeout(connect=60, read=60, total=None), pool_timeout = None, release_conn = False, chunked = False, body_pos = None, response_kw = {&apos;decode_content&apos;: False, &apos;preload_content&apos;: False}
parsed_url = Url(scheme=None, auth=None, host=None, port=None, path=&apos;/version&apos;, query=None, fragment=None), destination_scheme = None, conn = None, release_this_conn = True, http_tunnel_required = False, err = None, clean_exit = False

    def urlopen(
        self,
        method,
        url,
        body=None,
        headers=None,
        retries=None,
        redirect=True,
        assert_same_host=True,
        timeout=_Default,
        pool_timeout=None,
        release_conn=None,
        chunked=False,
        body_pos=None,
        **response_kw
    ):
        &quot;&quot;&quot;
        Get a connection from the pool and perform an HTTP request. This is the
        lowest level call for making a request, so you&apos;ll need to specify all
        the raw details.
    
        .. note::
    
           More commonly, it&apos;s appropriate to use a convenience method provided
           by :class:`.RequestMethods`, such as :meth:`request`.
    
        .. note::
    
           `release_conn` will only behave as expected if
           `preload_content=False` because we want to make
           `preload_content=False` the default behaviour someday soon without
           breaking backwards compatibility.
    
        :param method:
            HTTP request method (such as GET, POST, PUT, etc.)
    
        :param url:
            The URL to perform the request on.
    
        :param body:
            Data to send in the request body, either :class:`str`, :class:`bytes`,
            an iterable of :class:`str`/:class:`bytes`, or a file-like object.
    
        :param headers:
            Dictionary of custom headers to send, such as User-Agent,
            If-None-Match, etc. If None, pool headers are used. If provided,
            these headers completely replace any pool-specific headers.
    
        :param retries:
            Configure the number of retries to allow before raising a
            :class:`~urllib3.exceptions.MaxRetryError` exception.
    
            Pass ``None`` to retry until you receive a response. Pass a
            :class:`~urllib3.util.retry.Retry` object for fine-grained control
            over different types of retries.
            Pass an integer number to retry connection errors that many times,
            but no other types of errors. Pass zero to never retry.
    
            If ``False``, then retries are disabled and any exception is raised
            immediately. Also, instead of raising a MaxRetryError on redirects,
            the redirect response will be returned.
    
        :type retries: :class:`~urllib3.util.retry.Retry`, False, or an int.
    
        :param redirect:
            If True, automatically handle redirects (status codes 301, 302,
            303, 307, 308). Each redirect counts as a retry. Disabling retries
            will disable redirect, too.
    
        :param assert_same_host:
            If ``True``, will make sure that the host of the pool requests is
            consistent else will raise HostChangedError. When ``False``, you can
            use the pool on an HTTP proxy and request foreign hosts.
    
        :param timeout:
            If specified, overrides the default timeout for this one
            request. It may be a float (in seconds) or an instance of
            :class:`urllib3.util.Timeout`.
    
        :param pool_timeout:
            If set and the pool is set to block=True, then this method will
            block for ``pool_timeout`` seconds and raise EmptyPoolError if no
            connection is available within the time period.
    
        :param release_conn:
            If False, then the urlopen call will not release the connection
            back into the pool once a response is received (but will release if
            you read the entire contents of the response such as when
            `preload_content=True`). This is useful if you&apos;re not preloading
            the response&apos;s content immediately. You will need to call
            ``r.release_conn()`` on the response ``r`` to return the connection
            back into the pool. If None, it takes the value of
[...]
        msg = b&quot;\r\n&quot;.join(self._buffer)
        del self._buffer[:]
&gt;       self.send(msg)

../../.pyenv/versions/3.9.1/lib/python3.9/http/client.py:1010: 
_ _ _ _ _ _ _ _ _ _ _ _ _ _ _ _ _ _ _ _ _ _ _ _ _ _ _ _ _ _ _ _ _ _ _ _ _ _ _ _ _ _ _ _ _ _ _ _ _ _ _ _ _ _ _ _ _ _ _ _ _ _ _ _ _ _ _ _ _ _ _ _ _ _ _ _ _ _ _ _ _ _ _ _ _ _ _ _ _ _ _ _ _ _ _ _ _ _ _ _ _ _ _ _ _ _ _ _ _ _ _ _ _ _ _ _ _ _ _ _ _ _ _ 

self = &lt;docker.transport.unixconn.UnixHTTPConnection object at 0x11c5a28e0&gt;
data = b&apos;GET /version HTTP/1.1\r\nHost: localhost\r\nUser-Agent: docker-sdk-python/5.0.0\r\nAccept-Encoding: gzip, deflate\r\nAccept: */*\r\nConnection: keep-alive\r\n\r\n&apos;

    def send(self, data):
        &quot;&quot;&quot;Send `data&apos; to the server.
        ``data`` can be a string object, a bytes object, an array object, a
        file-like object that supports a .read() method, or an iterable object.
        &quot;&quot;&quot;
    
        if self.sock is None:
            if self.auto_open:
&gt;               self.connect()

../../.pyenv/versions/3.9.1/lib/python3.9/http/client.py:950: 
_ _ _ _ _ _ _ _ _ _ _ _ _ _ _ _ _ _ _ _ _ _ _ _ _ _ _ _ _ _ _ _ _ _ _ _ _ _ _ _ _ _ _ _ _ _ _ _ _ _ _ _ _ _ _ _ _ _ _ _ _ _ _ _ _ _ _ _ _ _ _ _ _ _ _ _ _ _ _ _ _ _ _ _ _ _ _ _ _ _ _ _ _ _ _ _ _ _ _ _ _ _ _ _ _ _ _ _ _ _ _ _ _ _ _ _ _ _ _ _ _ _ _ 

self = &lt;docker.transport.unixconn.UnixHTTPConnection object at 0x11c5a28e0&gt;

    def connect(self):
        sock = socket.socket(socket.AF_UNIX, socket.SOCK_STREAM)
        sock.settimeout(self.timeout)
&gt;       sock.connect(self.unix_socket)
E       urllib3.exceptions.ProtocolError: (&apos;Connection aborted.&apos;, FileNotFoundError(2, &apos;No such file or directory&apos;))

../../.virtualenvs/notifications-api/lib/python3.9/site-packages/docker/transport/unixconn.py:43: ProtocolError

During handling of the above exception, another exception occurred:

self = &lt;docker.api.client.APIClient object at 0x11c5a2580&gt;

    def _retrieve_server_version(self):
        try:
&gt;           return self.version(api_version=False)[&quot;ApiVersion&quot;]

../../.virtualenvs/notifications-api/lib/python3.9/site-packages/docker/api/client.py:214: 
_ _ _ _ _ _ _ _ _ _ _ _ _ _ _ _ _ _ _ _ _ _ _ _ _ _ _ _ _ _ _ _ _ _ _ _ _ _ _ _ _ _ _ _ _ _ _ _ _ _ _ _ _ _ _ _ _ _ _ _ _ _ _ _ _ _ _ _ _ _ _ _ _ _ _ _ _ _ _ _ _ _ _ _ _ _ _ _ _ _ _ _ _ _ _ _ _ _ _ _ _ _ _ _ _ _ _ _ _ _ _ _ _ _ _ _ _ _ _ _ _ _ _ 

self = &lt;docker.api.client.APIClient object at 0x11c5a2580&gt;, api_version = False

    def version(self, api_version=True):
        &quot;&quot;&quot;
        Returns version information from the server. Similar to the ``docker
        version`` command.
    
        Returns:
            (dict): The server version information
    
        Raises:
            :py:class:`docker.errors.APIError`
                If the server returns an error.
        &quot;&quot;&quot;
        url = self._url(&quot;/version&quot;, versioned_api=api_version)
&gt;       return self._result(self._get(url), json=True)

../../.virtualenvs/notifications-api/lib/python3.9/site-packages/docker/api/daemon.py:181: 
_ _ _ _ _ _ _ _ _ _ _ _ _ _ _ _ _ _ _ _ _ _ _ _ _ _ _ _ _ _ _ _ _ _ _ _ _ _ _ _ _ _ _ _ _ _ _ _ _ _ _ _ _ _ _ _ _ _ _ _ _ _ _ _ _ _ _ _ _ _ _ _ _ _ _ _ _ _ _ _ _ _ _ _ _ _ _ _ _ _ _ _ _ _ _ _ _ _ _ _ _ _ _ _ _ _ _ _ _ _ _ _ _ _ _ _ _ _ _ _ _ _ _ 

self = &lt;docker.api.client.APIClient object at 0x11c5a2580&gt;, args = (&apos;http+docker://localhost/version&apos;,), kwargs = {}

    def inner(self, *args, **kwargs):
        if &apos;HttpHeaders&apos; in self._general_configs:
            if not kwargs.get(&apos;headers&apos;):
                kwargs[&apos;headers&apos;] = self._general_configs[&apos;HttpHeaders&apos;]
            else:
                kwargs[&apos;headers&apos;].update(self._general_configs[&apos;HttpHeaders&apos;])
&gt;       return f(self, *args, **kwargs)

../../.virtualenvs/notifications-api/lib/python3.9/site-packages/docker/utils/decorators.py:46: 
_ _ _ _ _ _ _ _ _ _ _ _ _ _ _ _ _ _ _ _ _ _ _ _ _ _ _ _ _ _ _ _ _ _ _ _ _ _ _ _ _ _ _ _ _ _ _ _ _ _ _ _ _ _ _ _ _ _ _ _ _ _ _ _ _ _ _ _ _ _ _ _ _ _ _ _ _ _ _ _ _ _ _ _ _ _ _ _ _ _ _ _ _ _ _ _ _ _ _ _ _ _ _ _ _ _ _ _ _ _ _ _ _ _ _ _ _ _ _ _ _ _ _ 

self = &lt;docker.api.client.APIClient object at 0x11c5a2580&gt;, url = &apos;http+docker://localhost/version&apos;, kwargs = {&apos;timeout&apos;: 60}

    @update_headers
    def _get(self, url, **kwargs):
&gt;       return self.get(url, **self._set_request_timeout(kwargs))

../../.virtualenvs/notifications-api/lib/python3.9/site-packages/docker/api/client.py:237: 
_ _ _ _ _ _ _ _ _ _ _ _ _ _ _ _ _ _ _ _ _ _ _ _ _ _ _ _ _ _ _ _ _ _ _ _ _ _ _ _ _ _ _ _ _ _ _ _ _ _ _ _ _ _ _ _ _ _ _ _ _ _ _ _ _ _ _ _ _ _ _ _ _ _ _ _ _ _ _ _ _ _ _ _ _ _ _ _ _ _ _ _ _ _ _ _ _ _ _ _ _ _ _ _ _ _ _ _ _ _ _ _ _ _ _ _ _ _ _ _ _ _ _ 

self = &lt;docker.api.client.APIClient object at 0x11c5a2580&gt;, url = &apos;http+docker://localhost/version&apos;, kwargs = {&apos;allow_redirects&apos;: True, &apos;timeout&apos;: 60}

    def get(self, url, **kwargs):
        r&quot;&quot;&quot;Sends a GET request. Returns :class:`Response` object.
    
        :param url: URL for the new :class:`Request` object.
        :param \*\*kwargs: Optional arguments that ``request`` takes.
        :rtype: requests.Response
        &quot;&quot;&quot;
    
        kwargs.setdefault(&apos;allow_redirects&apos;, True)
&gt;       return self.request(&apos;GET&apos;, url, **kwargs)

../../.virtualenvs/notifications-api/lib/python3.9/site-packages/requests/sessions.py:555: 
_ _ _ _ _ _ _ _ _ _ _ _ _ _ _ _ _ _ _ _ _ _ _ _ _ _ _ _ _ _ _ _ _ _ _ _ _ _ _ _ _ _ _ _ _ _ _ _ _ _ _ _ _ _ _ _ _ _ _ _ _ _ _ _ _ _ _ _ _ _ _ _ _ _ _ _ _ _ _ _ _ _ _ _ _ _ _ _ _ _ _ _ _ _ _ _ _ _ _ _ _ _ _ _ _ _ _ _ _ _ _ _ _ _ _ _ _ _ _ _ _ _ _ 

self = &lt;docker.api.client.APIClient object at 0x11c5a2580&gt;, method = &apos;GET&apos;, url = &apos;http+docker://localhost/version&apos;, params = None, data = None, headers = None, cookies = None, files = None, auth = None, timeout = 60, allow_redirects = True
proxies = {}, hooks = None, stream = None, verify = None, cert = None, json = None

    def request(self, method, url,
            params=None, data=None, headers=None, cookies=None, files=None,
            auth=None, timeout=None, allow_redirects=True, proxies=None,
            hooks=None, stream=None, verify=None, cert=None, json=None):
        &quot;&quot;&quot;Constructs a :class:`Request &lt;Request&gt;`, prepares it and sends it.
        Returns :class:`Response &lt;Response&gt;` object.
    
        :param method: method for the new :class:`Request` object.
        :param url: URL for the new :class:`Request` object.
        :param params: (optional) Dictionary or bytes to be sent in the query
            string for the :class:`Request`.
        :param data: (optional) Dictionary, list of tuples, bytes, or file-like
            object to send in the body of the :class:`Request`.
        :param json: (optional) json to send in the body of the
            :class:`Request`.
        :param headers: (optional) Dictionary of HTTP Headers to send with the
            :class:`Request`.
        :param cookies: (optional) Dict or CookieJar object to send with the
            :class:`Request`.
        :param files: (optional) Dictionary of ``&apos;filename&apos;: file-like-objects``
            for multipart encoding upload.
        :param auth: (optional) Auth tuple or callable to enable
            Basic/Digest/Custom HTTP Auth.
        :param timeout: (optional) How long to wait for the server to send
            data before giving up, as a float, or a :ref:`(connect timeout,
            read timeout) &lt;timeouts&gt;` tuple.
        :type timeout: float or tuple
        :param allow_redirects: (optional) Set to True by default.
        :type allow_redirects: bool
        :param proxies: (optional) Dictionary mapping protocol or protocol and
            hostname to the URL of the proxy.
        :param stream: (optional) whether to immediately download the response
            content. Defaults to ``False``.
        :param verify: (optional) Either a boolean, in which case it controls whether we verify
            the server&apos;s TLS certificate, or a string, in which case it must be a path
            to a CA bundle to use. Defaults to ``True``. When set to
            ``False``, requests will accept any TLS certificate presented by
            the server, and will ignore hostname mismatches and/or expired
            certificates, which will make your application vulnerable to
            man-in-the-middle (MitM) attacks. Setting verify to ``False``
            may be useful during local development or testing.
        :param cert: (optional) if String, path to ssl client cert file (.pem).
            If Tuple, (&apos;cert&apos;, &apos;key&apos;) pair.
        :rtype: requests.Response
        &quot;&quot;&quot;
        # Create the Request.
        req = Request(
            method=method.upper(),
            url=url,
            headers=headers,
            files=files,
            data=data or {},
            json=json,
            params=params or {},
            auth=auth,
            cookies=cookies,
            hooks=hooks,
        )
        prep = self.prepare_request(req)
    
        proxies = proxies or {}
    
        settings = self.merge_environment_settings(
            prep.url, proxies, stream, verify, cert
        )
    
        # Send the request.
        send_kwargs = {
            &apos;timeout&apos;: timeout,
            &apos;allow_redirects&apos;: allow_redirects,
        }
        send_kwargs.update(settings)
&gt;       resp = self.send(prep, **send_kwargs)

../../.virtualenvs/notifications-api/lib/python3.9/site-packages/requests/sessions.py:542: 
_ _ _ _ _ _ _ _ _ _ _ _ _ _ _ _ _ _ _ _ _ _ _ _ _ _ _ _ _ _ _ _ _ _ _ _ _ _ _ _ _ _ _ _ _ _ _ _ _ _ _ _ _ _ _ _ _ _ _ _ _ _ _ _ _ _ _ _ _ _ _ _ _ _ _ _ _ _ _ _ _ _ _ _ _ _ _ _ _ _ _ _ _ _ _ _ _ _ _ _ _ _ _ _ _ _ _ _ _ _ _ _ _ _ _ _ _ _ _ _ _ _ _ 

self = &lt;docker.api.client.APIClient object at 0x11c5a2580&gt;, request = &lt;PreparedRequest [GET]&gt;, kwargs = {&apos;cert&apos;: None, &apos;proxies&apos;: OrderedDict(), &apos;stream&apos;: False, &apos;timeout&apos;: 60, ...}, allow_redirects = True, stream = False
hooks = {&apos;response&apos;: []}, adapter = &lt;docker.transport.unixconn.UnixHTTPAdapter object at 0x11c630970&gt;, start = 1643642593.8964229

    def send(self, request, **kwargs):
        &quot;&quot;&quot;Send a given PreparedRequest.
    
        :rtype: requests.Response
        &quot;&quot;&quot;
        # Set defaults that the hooks can utilize to ensure they always have
        # the correct parameters to reproduce the previous request.
        kwargs.setdefault(&apos;stream&apos;, self.stream)
        kwargs.setdefault(&apos;verify&apos;, self.verify)
        kwargs.setdefault(&apos;cert&apos;, self.cert)
        kwargs.setdefault(&apos;proxies&apos;, self.proxies)
    
        # It&apos;s possible that users might accidentally send a Request object.
        # Guard against that specific failure case.
        if isinstance(request, Request):
            raise ValueError(&apos;You can only send PreparedRequests.&apos;)
    
        # Set up variables needed for resolve_redirects and dispatching of hooks
        allow_redirects = kwargs.pop(&apos;allow_redirects&apos;, True)
        stream = kwargs.get(&apos;stream&apos;)
        hooks = request.hooks
    
        # Get the appropriate adapter to use
        adapter = self.get_adapter(url=request.url)
    
        # Start time (approximately) of the request
        start = preferred_clock()
    
        # Send the request
&gt;       r = adapter.send(request, **kwargs)

../../.virtualenvs/notifications-api/lib/python3.9/site-packages/requests/sessions.py:655: 
_ _ _ _ _ _ _ _ _ _ _ _ _ _ _ _ _ _ _ _ _ _ _ _ _ _ _ _ _ _ _ _ _ _ _ _ _ _ _ _ _ _ _ _ _ _ _ _ _ _ _ _ _ _ _ _ _ _ _ _ _ _ _ _ _ _ _ _ _ _ _ _ _ _ _ _ _ _ _ _ _ _ _ _ _ _ _ _ _ _ _ _ _ _ _ _ _ _ _ _ _ _ _ _ _ _ _ _ _ _ _ _ _ _ _ _ _ _ _ _ _ _ _ 

self = &lt;docker.transport.unixconn.UnixHTTPAdapter object at 0x11c630970&gt;, request = &lt;PreparedRequest [GET]&gt;, stream = False, timeout = Timeout(connect=60, read=60, total=None), verify = True, cert = None, proxies = OrderedDict()

    def send(self, request, stream=False, timeout=None, verify=True, cert=None, proxies=None):
        &quot;&quot;&quot;Sends PreparedRequest object. Returns Response object.
    
        :param request: The :class:`PreparedRequest &lt;PreparedRequest&gt;` being sent.
        :param stream: (optional) Whether to stream the request content.
        :param timeout: (optional) How long to wait for the server to send
            data before giving up, as a float, or a :ref:`(connect timeout,
            read timeout) &lt;timeouts&gt;` tuple.
        :type timeout: float or tuple or urllib3 Timeout object
        :param verify: (optional) Either a boolean, in which case it controls whether
            we verify the server&apos;s TLS certificate, or a string, in which case it
            must be a path to a CA bundle to use
        :param cert: (optional) Any user-provided SSL certificate to be trusted.
        :param proxies: (optional) The proxies dictionary to apply to the request.
        :rtype: requests.Response
        &quot;&quot;&quot;
    
        try:
            conn = self.get_connection(request.url, proxies)
        except LocationValueError as e:
            raise InvalidURL(e, request=request)
    
        self.cert_verify(conn, request.url, verify, cert)
        url = self.request_url(request, proxies)
        self.add_headers(request, stream=stream, timeout=timeout, verify=verify, cert=cert, proxies=proxies)
    
        chunked = not (request.body is None or &apos;Content-Length&apos; in request.headers)
    
        if isinstance(timeout, tuple):
            try:
                connect, read = timeout
                timeout = TimeoutSauce(connect=connect, read=read)
            except ValueError as e:
                # this may raise a string formatting error.
                err = (&quot;Invalid timeout {}. Pass a (connect, read) &quot;
                       &quot;timeout tuple, or a single float to set &quot;
                       &quot;both timeouts to the same value&quot;.format(timeout))
                raise ValueError(err)
        elif isinstance(timeout, TimeoutSauce):
            pass
        else:
            timeout = TimeoutSauce(connect=timeout, read=timeout)
    
        try:
            if not chunked:
                resp = conn.urlopen(
                    method=request.method,
                    url=url,
                    body=request.body,
                    headers=request.headers,
                    redirect=False,
                    assert_same_host=False,
                    preload_content=False,
                    decode_content=False,
                    retries=self.max_retries,
                    timeout=timeout
                )
    
            # Send the request.
            else:
                if hasattr(conn, &apos;proxy_pool&apos;):
                    conn = conn.proxy_pool
    
                low_conn = conn._get_conn(timeout=DEFAULT_POOL_TIMEOUT)
    
                try:
                    low_conn.putrequest(request.method,
                                        url,
                                        skip_accept_encoding=True)
    
                    for header, value in request.headers.items():
                        low_conn.putheader(header, value)
    
                    low_conn.endheaders()
    
                    for i in request.body:
                        low_conn.send(hex(len(i))[2:].encode(&apos;utf-8&apos;))
                        low_conn.send(b&apos;\r\n&apos;)
                        low_conn.send(i)
                        low_conn.send(b&apos;\r\n&apos;)
                    low_conn.send(b&apos;0\r\n\r\n&apos;)
    
                    # Receive the response from the server
                    try:
                        # For Python 2.7, use buffering of HTTP responses
                        r = low_conn.getresponse(buffering=True)
                    except TypeError:
                        # For compatibility with Python 3.3+
                        r = low_conn.getresponse()
    
                    resp = HTTPResponse.from_httplib(
                        r,
                        pool=conn,
                        connection=low_conn,
                        preload_content=False,
                        decode_content=False
                    )
                except:
                    # If we hit any problems here, clean up the connection.
                    # Then, reraise so that we can handle the actual exception.
                    low_conn.close()
                    raise
    
        except (ProtocolError, socket.error) as err:
&gt;           raise ConnectionError(err, request=request)
E           requests.exceptions.ConnectionError: (&apos;Connection aborted.&apos;, FileNotFoundError(2, &apos;No such file or directory&apos;))

../../.virtualenvs/notifications-api/lib/python3.9/site-packages/requests/adapters.py:498: ConnectionError

During handling of the above exception, another exception occurred:

tp = &lt;class &apos;docker.errors.DockerException&apos;&gt;, value = None, tb = None

    def reraise(tp, value, tb=None):
        try:
            if value is None:
                value = tp()
            if value.__traceback__ is not tb:
&gt;               raise value.with_traceback(tb)

../../.virtualenvs/notifications-api/lib/python3.9/site-packages/six.py:718: 
_ _ _ _ _ _ _ _ _ _ _ _ _ _ _ _ _ _ _ _ _ _ _ _ _ _ _ _ _ _ _ _ _ _ _ _ _ _ _ _ _ _ _ _ _ _ _ _ _ _ _ _ _ _ _ _ _ _ _ _ _ _ _ _ _ _ _ _ _ _ _ _ _ _ _ _ _ _ _ _ _ _ _ _ _ _ _ _ _ _ _ _ _ _ _ _ _ _ _ _ _ _ _ _ _ _ _ _ _ _ _ _ _ _ _ _ _ _ _ _ _ _ _ 
../../.virtualenvs/notifications-api/lib/python3.9/site-packages/pytest_mock_resources/container/redis.py:52: in _redis_container
    yield next(iter(result))
../../.virtualenvs/notifications-api/lib/python3.9/site-packages/pytest_mock_resources/container/base.py:26: in get_container
    client = docker.from_env(version=&quot;auto&quot;)
../../.virtualenvs/notifications-api/lib/python3.9/site-packages/docker/client.py:96: in from_env
    return cls(
../../.virtualenvs/notifications-api/lib/python3.9/site-packages/docker/client.py:45: in __init__
    self.api = APIClient(*args, **kwargs)
../../.virtualenvs/notifications-api/lib/python3.9/site-packages/docker/api/client.py:197: in __init__
    self._version = self._retrieve_server_version()
_ _ _ _ _ _ _ _ _ _ _ _ _ _ _ _ _ _ _ _ _ _ _ _ _ _ _ _ _ _ _ _ _ _ _ _ _ _ _ _ _ _ _ _ _ _ _ _ _ _ _ _ _ _ _ _ _ _ _ _ _ _ _ _ _ _ _ _ _ _ _ _ _ _ _ _ _ _ _ _ _ _ _ _ _ _ _ _ _ _ _ _ _ _ _ _ _ _ _ _ _ _ _ _ _ _ _ _ _ _ _ _ _ _ _ _ _ _ _ _ _ _ _ 

self = &lt;docker.api.client.APIClient object at 0x11c5a2580&gt;

    def _retrieve_server_version(self):
        try:
            return self.version(api_version=False)[&quot;ApiVersion&quot;]
        except KeyError:
            raise DockerException(
                &apos;Invalid response from docker daemon: key &quot;ApiVersion&quot;&apos;
                &apos; is missing.&apos;
            )
        except Exception as e:
&gt;           raise DockerException(
                &apos;Error while fetching server API version: {0}&apos;.format(e)
            )
E           docker.errors.DockerException: Error while fetching server API version: (&apos;Connection aborted.&apos;, FileNotFoundError(2, &apos;No such file or directory&apos;))

../../.virtualenvs/notifications-api/lib/python3.9/site-packages/docker/api/client.py:221: DockerException</error></testcase></testsuite>